

Version:	3.4
CmdLine:	E:\OGPC Rhythm Workspace\OGPCRhythm\Shday Rhythms.exe --l4j-debug
WOW64:		no
Working dir:	E:\OGPC Rhythm Workspace\OGPCRhythm\.
32-bit search:	SOFTWARE\JavaSoft\Java Runtime Environment...
Check:		SOFTWARE\JavaSoft\Java Runtime Environment\1.7
Check launcher:	C:\Program Files\Java\jre7\bin\javaw.exe (OK)
Match:		1.7
Check:		SOFTWARE\JavaSoft\Java Runtime Environment\1.7.0_51
Check launcher:	C:\Program Files\Java\jre7\bin\javaw.exe (OK)
Match:		1.7.0_51
32-bit search:	SOFTWARE\JavaSoft\Java Development Kit...
Check:		SOFTWARE\JavaSoft\Java Development Kit\1.7
Ignore:		1.7
Check:		SOFTWARE\JavaSoft\Java Development Kit\1.7.0_51
Ignore:		1.7.0_51
Runtime used:	1.7.0_51 (32-bit)
Launcher:	C:\Program Files\Java\jre7\bin\javaw.exe
Launcher args:	-Djava.library.path=lib -jar "E:\OGPC Rhythm Workspace\OGPCRhythm\Shday Rhythms.exe"
Args length:	84/32768 chars
Exit code:	0


Version:	3.4
CmdLine:	F:\OGPC Rhythm Workspace\OGPCRhythm\Shday Rhythms.exe --l4j-debug
WOW64:		yes
Working dir:	F:\OGPC Rhythm Workspace\OGPCRhythm\.
64-bit search:	SOFTWARE\JavaSoft\Java Runtime Environment...
Check:		SOFTWARE\JavaSoft\Java Runtime Environment\1.7
Check launcher:	F:\bin\javaw.exe (not found)
Ignore:		1.7
32-bit search:	SOFTWARE\JavaSoft\Java Runtime Environment...
Check:		SOFTWARE\JavaSoft\Java Runtime Environment\1.7
Check launcher:	C:\Program Files (x86)\Java\jre7\bin\javaw.exe (OK)
Match:		1.7
Check:		SOFTWARE\JavaSoft\Java Runtime Environment\1.7.0_55
Check launcher:	C:\Program Files (x86)\Java\jre7\bin\javaw.exe (OK)
Match:		1.7.0_55
64-bit search:	SOFTWARE\JavaSoft\Java Development Kit...
32-bit search:	SOFTWARE\JavaSoft\Java Development Kit...
Check:		SOFTWARE\JavaSoft\Java Development Kit\1.7
Ignore:		1.7
Check:		SOFTWARE\JavaSoft\Java Development Kit\1.7.0_51
Ignore:		1.7.0_51
Runtime used:	1.7.0_55 (32-bit)
Launcher:	C:\Program Files (x86)\Java\jre7\bin\javaw.exe
Launcher args:	-Djava.library.path=lib -jar "F:\OGPC Rhythm Workspace\OGPCRhythm\Shday Rhythms.exe"
Args length:	84/32768 chars
Exit code:	0
