#
# A fatal error has been detected by the Java Runtime Environment:
#
#  SIGSEGV (0xb) at pc=0x00007f1a8cf60be0, pid=5835, tid=139752014268160
#
# JRE version: OpenJDK Runtime Environment (7.0_65-b32) (build 1.7.0_65-b32)
# Java VM: OpenJDK 64-Bit Server VM (24.65-b04 mixed mode linux-amd64 compressed oops)
# Derivative: IcedTea 2.5.2
# Distribution: Ubuntu 14.04 LTS, package 7u65-2.5.2-3~14.04
# Problematic frame:
# C  0x00007f1a8cf60be0
#
# Failed to write core dump. Core dumps have been disabled. To enable core dumping, try "ulimit -c unlimited" before starting Java again
#
# If you would like to submit a bug report, please include
# instructions on how to reproduce the bug and visit:
#   http://icedtea.classpath.org/bugzilla
# The crash happened outside the Java Virtual Machine in native code.
# See problematic frame for where to report the bug.
#

---------------  T H R E A D  ---------------

Current thread (0x00007f1ad460e000):  JavaThread "Thread-2" [_thread_in_native, id=5861, stack(0x00007f1a8d1ac000,0x00007f1a8d2ad000)]

siginfo:si_signo=SIGSEGV: si_errno=0, si_code=1 (SEGV_MAPERR), si_addr=0x00007f1a8cf60be0

Registers:
RAX=0x0000000000000002, RBX=0x0000000000000002, RCX=0x0000000000000004, RDX=0x000000000000eaba
RSP=0x00007f1a8d2ab540, RBP=0x0000000000bff212, RSI=0x00000000001e160c, RDI=0x00007f1a7b94f010
R8 =0x00007f1a7c0d4840, R9 =0x0000000000bff212, R10=0x0000000000000001, R11=0x0000000000001501
R12=0x00007f1a880347c0, R13=0x00007f1a7f0d1840, R14=0x0000000000bff212, R15=0x000000000000ac44
RIP=0x00007f1a8cf60be0, EFLAGS=0x0000000000010293, CSGSFS=0xffff000000000033, ERR=0x0000000000000014
  TRAPNO=0x000000000000000e

Top of Stack: (sp=0x00007f1a8d2ab540)
0x00007f1a8d2ab540:   0000000000000000 0000000000000000
0x00007f1a8d2ab550:   0000000000000000 00007f1a88000020
0x00007f1a8d2ab560:   0000000002ffc848 00007f1a880347c0
0x00007f1a8d2ab570:   0000000000001402 0000000000001103
0x00007f1a8d2ab580:   0000000000001501 00007f1a880347c0
0x00007f1a8d2ab590:   0000000000001402 0000000000bff212
0x00007f1a8d2ab5a0:   000000000000ac44 00007f1a8cf64a6f
0x00007f1a8d2ab5b0:   0000000000000001 00007f1a00001501
0x00007f1a8d2ab5c0:   0000000002ffc848 0000000100001402
0x00007f1a8d2ab5d0:   0000000200000002 00007f1a880347f4
0x00007f1a8d2ab5e0:   00007f1a88011c60 0000000000001103
0x00007f1a8d2ab5f0:   00007f1a8800fee0 000000000000ac44
0x00007f1a8d2ab600:   0000000002ffc848 0000000000000041
0x00007f1a8d2ab610:   00007f1a7e94c010 00007f1a8cf64e9b
0x00007f1a8d2ab620:   00007f1a7e94c010 00007f1a00000001
0x00007f1a8d2ab630:   00000000b875f998 00000000b875f998
0x00007f1a8d2ab640:   00007f1a8d2ab6e8 0000000000000000
0x00007f1a8d2ab650:   00000000b875f998 00007f1a8d2ab730
0x00007f1a8d2ab660:   00007f1ad460e000 00007f1ad10127f8
0x00007f1a8d2ab670:   00007f1a0000ac44 00007f1a8d2ab708
0x00007f1a8d2ab680:   00007f1ab407eef8 00007f1ab407eef8
0x00007f1a8d2ab690:   00007f1ab407eed8 00007f1ab407eed8
0x00007f1a8d2ab6a0:   00007f1afffffffe 00007f1a8d2ab6a8
0x00007f1a8d2ab6b0:   00000000b875f998 00007f1a8d2ab730
0x00007f1a8d2ab6c0:   00000000b8760bf0 0000000000000000
0x00007f1a8d2ab6d0:   00000000b875f998 0000000000000000
0x00007f1a8d2ab6e0:   00007f1a8d2ab708 00007f1a8d2ab778
0x00007f1a8d2ab6f0:   00007f1ad1006058 00000000ec21c7b0
0x00007f1a8d2ab700:   00007f1ad100ecd8 000000000000ac44
0x00007f1a8d2ab710:   0000000002ffc848 00007f1a7e94c010
0x00007f1a8d2ab720:   00000000ec277d18 0000000000001103
0x00007f1a8d2ab730:   0000000000000041 00007f1a8d2ab738 

Instructions: (pc=0x00007f1a8cf60be0)
0x00007f1a8cf60bc0:   
[error occurred during error reporting (printing registers, top of stack, instructions near pc), id 0xb]

Register to memory mapping:

RAX=0x0000000000000002 is an unknown value
RBX=0x0000000000000002 is an unknown value
RCX=0x0000000000000004 is an unknown value
RDX=0x000000000000eaba is an unknown value
RSP=0x00007f1a8d2ab540 is pointing into the stack for thread: 0x00007f1ad460e000
RBP=0x0000000000bff212 is an unknown value
RSI=0x00000000001e160c is an unknown value
RDI=0x00007f1a7b94f010 is an unknown value
R8 =0x00007f1a7c0d4840 is an unknown value
R9 =0x0000000000bff212 is an unknown value
R10=0x0000000000000001 is an unknown value
R11=0x0000000000001501 is an unknown value
R12=0x00007f1a880347c0 is an unknown value
R13=0x00007f1a7f0d1840 is an unknown value
R14=0x0000000000bff212 is an unknown value
R15=0x000000000000ac44 is an unknown value


Stack: [0x00007f1a8d1ac000,0x00007f1a8d2ad000],  sp=0x00007f1a8d2ab540,  free space=1021k
Native frames: (J=compiled Java code, j=interpreted, Vv=VM code, C=native code)
C  0x00007f1a8cf60be0

Java frames: (J=compiled Java code, j=interpreted, Vv=VM code)
j  org.lwjgl.openal.AL10.nalBufferData(IIJII)V+0
j  org.lwjgl.openal.AL10.alBufferData(IILjava/nio/ByteBuffer;I)V+15
j  org.newdawn.slick.openal.SoundStore.getWAV(Ljava/lang/String;Ljava/io/InputStream;)Lorg/newdawn/slick/openal/Audio;+119
j  org.newdawn.slick.openal.SoundStore.getWAV(Ljava/lang/String;)Lorg/newdawn/slick/openal/Audio;+6
j  org.newdawn.slick.Music.<init>(Ljava/lang/String;Z)V+93
j  org.newdawn.slick.Music.<init>(Ljava/lang/String;)V+3
j  Engine.selectSong(Ljava/lang/String;Ljava/lang/String;Lorg/newdawn/slick/GameContainer;)V+6
j  GameState$3.run()V+15
v  ~StubRoutines::call_stub

---------------  P R O C E S S  ---------------

Java Threads: ( => current thread )
=>0x00007f1ad460e000 JavaThread "Thread-2" [_thread_in_native, id=5861, stack(0x00007f1a8d1ac000,0x00007f1a8d2ad000)]
  0x00007f1ad41e0800 JavaThread "process reaper" daemon [_thread_blocked, id=5854, stack(0x00007f1acc072000,0x00007f1acc0ab000)]
  0x00007f1ad41d5800 JavaThread "AWT-XAWT" daemon [_thread_in_native, id=5852, stack(0x00007f1a9f7e9000,0x00007f1a9f8ea000)]
  0x00007f1ad41b5000 JavaThread "Java2D Disposer" daemon [_thread_blocked, id=5851, stack(0x00007f1a9fcfa000,0x00007f1a9fdfb000)]
  0x00007f1ad40a2000 JavaThread "Service Thread" daemon [_thread_blocked, id=5849, stack(0x00007f1acd4bc000,0x00007f1acd5bd000)]
  0x00007f1ad409f800 JavaThread "C2 CompilerThread1" daemon [_thread_blocked, id=5848, stack(0x00007f1acd5bd000,0x00007f1acd6be000)]
  0x00007f1ad409c800 JavaThread "C2 CompilerThread0" daemon [_thread_blocked, id=5847, stack(0x00007f1acd6be000,0x00007f1acd7bf000)]
  0x00007f1ad409a800 JavaThread "Signal Dispatcher" daemon [_thread_blocked, id=5846, stack(0x00007f1acd7bf000,0x00007f1acd8c0000)]
  0x00007f1ad4077800 JavaThread "Finalizer" daemon [_thread_blocked, id=5845, stack(0x00007f1acdfa2000,0x00007f1ace0a3000)]
  0x00007f1ad4075800 JavaThread "Reference Handler" daemon [_thread_blocked, id=5844, stack(0x00007f1ace0a3000,0x00007f1ace1a4000)]
  0x00007f1ad400a000 JavaThread "main" [_thread_in_vm, id=5838, stack(0x00007f1adbf0d000,0x00007f1adc00e000)]

Other Threads:
  0x00007f1ad4071000 VMThread [stack: 0x00007f1ace1a4000,0x00007f1ace2a5000] [id=5843]
  0x00007f1ad40ac800 WatcherThread [stack: 0x00007f1acd3bb000,0x00007f1acd4bc000] [id=5850]

VM state:not at safepoint (normal execution)

VM Mutex/Monitor currently owned by a thread: None

Heap
 PSYoungGen      total 18944K, used 14905K [0x00000000eb680000, 0x00000000edb80000, 0x0000000100000000)
  eden space 16384K, 75% used [0x00000000eb680000,0x00000000ec2910f8,0x00000000ec680000)
  from space 2560K, 99% used [0x00000000ec900000,0x00000000ecb7d670,0x00000000ecb80000)
  to   space 2560K, 0% used [0x00000000ec680000,0x00000000ec680000,0x00000000ec900000)
 ParOldGen       total 91136K, used 52937K [0x00000000c2400000, 0x00000000c7d00000, 0x00000000eb680000)
  object space 91136K, 58% used [0x00000000c2400000,0x00000000c57b25a8,0x00000000c7d00000)
 PSPermGen       total 21504K, used 9936K [0x00000000b7e00000, 0x00000000b9300000, 0x00000000c2400000)
  object space 21504K, 46% used [0x00000000b7e00000,0x00000000b87b41b8,0x00000000b9300000)

Card table byte_map: [0x00007f1ad890d000,0x00007f1ad8b4f000] byte_map_base: 0x00007f1ad834e000

Polling page: 0x00007f1adc02a000

Code Cache  [0x00007f1ad1000000, 0x00007f1ad1270000, 0x00007f1ad4000000)
 total_blobs=652 nmethods=136 adapters=471 free_code_cache=48252Kb largest_free_block=49385792

Compilation events (10 events):
Event: 6.727 Thread 0x00007f1ad409c800 nmethod 132 0x00007f1ad10dd1d0 code [0x00007f1ad10dd300, 0x00007f1ad10dd358]
Event: 6.727 Thread 0x00007f1ad409c800  133             java.nio.Bits::getShortL (16 bytes)
Event: 6.728 Thread 0x00007f1ad409c800 nmethod 133 0x00007f1ad10dce50 code [0x00007f1ad10dcfa0, 0x00007f1ad10dd098]
Event: 6.728 Thread 0x00007f1ad409c800  134             java.nio.DirectShortBufferU::put (17 bytes)
Event: 6.728 Thread 0x00007f1ad409f800 nmethod 131 0x00007f1ad10e2850 code [0x00007f1ad10e29a0, 0x00007f1ad10e2af8]
Event: 6.728 Thread 0x00007f1ad409f800  135             java.nio.DirectShortBufferU::ix (10 bytes)
Event: 6.728 Thread 0x00007f1ad409f800 nmethod 135 0x00007f1ad10e2650 code [0x00007f1ad10e2780, 0x00007f1ad10e27d8]
Event: 6.729 Thread 0x00007f1ad409c800 nmethod 134 0x00007f1ad10e2050 code [0x00007f1ad10e2180, 0x00007f1ad10e2218]
Event: 6.729 Thread 0x00007f1ad409f800  137 %           org.newdawn.slick.openal.WaveData::convertAudioBytes @ 43 (94 bytes)
Event: 6.738 Thread 0x00007f1ad409f800 nmethod 137% 0x00007f1ad10e1510 code [0x00007f1ad10e16a0, 0x00007f1ad10e1bc8]

GC Heap History (4 events):
Event: 2.092 GC heap before
{Heap before GC invocations=1 (full 0):
 PSYoungGen      total 18944K, used 16384K [0x00000000eb680000, 0x00000000ecb80000, 0x0000000100000000)
  eden space 16384K, 100% used [0x00000000eb680000,0x00000000ec680000,0x00000000ec680000)
  from space 2560K, 0% used [0x00000000ec900000,0x00000000ec900000,0x00000000ecb80000)
  to   space 2560K, 0% used [0x00000000ec680000,0x00000000ec680000,0x00000000ec900000)
 ParOldGen       total 41984K, used 0K [0x00000000c2400000, 0x00000000c4d00000, 0x00000000eb680000)
  object space 41984K, 0% used [0x00000000c2400000,0x00000000c2400000,0x00000000c4d00000)
 PSPermGen       total 21504K, used 9311K [0x00000000b7e00000, 0x00000000b9300000, 0x00000000c2400000)
  object space 21504K, 43% used [0x00000000b7e00000,0x00000000b8717f58,0x00000000b9300000)
Event: 2.108 GC heap after
Heap after GC invocations=1 (full 0):
 PSYoungGen      total 18944K, used 2536K [0x00000000eb680000, 0x00000000ecb80000, 0x0000000100000000)
  eden space 16384K, 0% used [0x00000000eb680000,0x00000000eb680000,0x00000000ec680000)
  from space 2560K, 99% used [0x00000000ec680000,0x00000000ec8fa158,0x00000000ec900000)
  to   space 2560K, 0% used [0x00000000ec900000,0x00000000ec900000,0x00000000ecb80000)
 ParOldGen       total 41984K, used 1439K [0x00000000c2400000, 0x00000000c4d00000, 0x00000000eb680000)
  object space 41984K, 3% used [0x00000000c2400000,0x00000000c2567d20,0x00000000c4d00000)
 PSPermGen       total 21504K, used 9311K [0x00000000b7e00000, 0x00000000b9300000, 0x00000000c2400000)
  object space 21504K, 43% used [0x00000000b7e00000,0x00000000b8717f58,0x00000000b9300000)
}
Event: 2.583 GC heap before
{Heap before GC invocations=2 (full 0):
 PSYoungGen      total 18944K, used 18920K [0x00000000eb680000, 0x00000000ecb80000, 0x0000000100000000)
  eden space 16384K, 100% used [0x00000000eb680000,0x00000000ec680000,0x00000000ec680000)
  from space 2560K, 99% used [0x00000000ec680000,0x00000000ec8fa158,0x00000000ec900000)
  to   space 2560K, 0% used [0x00000000ec900000,0x00000000ec900000,0x00000000ecb80000)
 ParOldGen       total 41984K, used 1439K [0x00000000c2400000, 0x00000000c4d00000, 0x00000000eb680000)
  object space 41984K, 3% used [0x00000000c2400000,0x00000000c2567d20,0x00000000c4d00000)
 PSPermGen       total 21504K, used 9462K [0x00000000b7e00000, 0x00000000b9300000, 0x00000000c2400000)
  object space 21504K, 44% used [0x00000000b7e00000,0x00000000b873db50,0x00000000b9300000)
Event: 2.593 GC heap after
Heap after GC invocations=2 (full 0):
 PSYoungGen      total 18944K, used 2549K [0x00000000eb680000, 0x00000000edb80000, 0x0000000100000000)
  eden space 16384K, 0% used [0x00000000eb680000,0x00000000eb680000,0x00000000ec680000)
  from space 2560K, 99% used [0x00000000ec900000,0x00000000ecb7d670,0x00000000ecb80000)
  to   space 2560K, 0% used [0x00000000ec680000,0x00000000ec680000,0x00000000ec900000)
 ParOldGen       total 41984K, used 3799K [0x00000000c2400000, 0x00000000c4d00000, 0x00000000eb680000)
  object space 41984K, 9% used [0x00000000c2400000,0x00000000c27b5d50,0x00000000c4d00000)
 PSPermGen       total 21504K, used 9462K [0x00000000b7e00000, 0x00000000b9300000, 0x00000000c2400000)
  object space 21504K, 44% used [0x00000000b7e00000,0x00000000b873db50,0x00000000b9300000)
}

Deoptimization events (5 events):
Event: 1.807 Thread 0x00007f1ad400a000 Uncommon trap: reason=class_check action=maybe_recompile pc=0x00007f1ad109f9d0 method=java.util.Properties$LineReader.readLine()I @ 62
Event: 1.809 Thread 0x00007f1ad400a000 Uncommon trap: reason=class_check action=maybe_recompile pc=0x00007f1ad109f9d0 method=java.util.Properties$LineReader.readLine()I @ 62
Event: 1.812 Thread 0x00007f1ad400a000 Uncommon trap: reason=class_check action=maybe_recompile pc=0x00007f1ad109f9d0 method=java.util.Properties$LineReader.readLine()I @ 62
Event: 1.814 Thread 0x00007f1ad400a000 Uncommon trap: reason=class_check action=maybe_recompile pc=0x00007f1ad109f9d0 method=java.util.Properties$LineReader.readLine()I @ 62
Event: 1.977 Thread 0x00007f1ad400a000 Uncommon trap: reason=unloaded action=reinterpret pc=0x00007f1ad10a5eec method=java.lang.CharacterData.of(I)Ljava/lang/CharacterData; @ 96

Internal exceptions (10 events):
Event: 6.445 Thread 0x00007f1ad460e000 Threw 0x00000000ec21d368 at /build/buildd/openjdk-7-7u65-2.5.2/build/openjdk/hotspot/src/share/vm/prims/jvm.cpp:1247
Event: 6.508 Thread 0x00007f1ad460e000 Threw 0x00000000ec223f88 at /build/buildd/openjdk-7-7u65-2.5.2/build/openjdk/hotspot/src/share/vm/prims/jvm.cpp:1247
Event: 6.509 Thread 0x00007f1ad460e000 Threw 0x00000000ec227fe8 at /build/buildd/openjdk-7-7u65-2.5.2/build/openjdk/hotspot/src/share/vm/prims/jvm.cpp:1247
Event: 6.510 Thread 0x00007f1ad460e000 Threw 0x00000000ec22b858 at /build/buildd/openjdk-7-7u65-2.5.2/build/openjdk/hotspot/src/share/vm/prims/jvm.cpp:1247
Event: 6.513 Thread 0x00007f1ad460e000 Threw 0x00000000ec22f3e0 at /build/buildd/openjdk-7-7u65-2.5.2/build/openjdk/hotspot/src/share/vm/prims/jvm.cpp:1247
Event: 6.515 Thread 0x00007f1ad460e000 Threw 0x00000000ec234b30 at /build/buildd/openjdk-7-7u65-2.5.2/build/openjdk/hotspot/src/share/vm/prims/jvm.cpp:1247
Event: 6.516 Thread 0x00007f1ad460e000 Threw 0x00000000ec23a230 at /build/buildd/openjdk-7-7u65-2.5.2/build/openjdk/hotspot/src/share/vm/prims/jvm.cpp:1247
Event: 6.521 Thread 0x00007f1ad460e000 Threw 0x00000000ec259dd8 at /build/buildd/openjdk-7-7u65-2.5.2/build/openjdk/hotspot/src/share/vm/prims/jvm.cpp:1247
Event: 6.783 Thread 0x00007f1ad400a000 Threw 0x00000000ec1d0fb8 at /build/buildd/openjdk-7-7u65-2.5.2/build/openjdk/hotspot/src/share/vm/interpreter/linkResolver.cpp:886
Event: 6.786 Thread 0x00007f1ad400a000 Threw 0x00000000ec1d2178 at /build/buildd/openjdk-7-7u65-2.5.2/build/openjdk/hotspot/src/share/vm/prims/jvm.cpp:1247

Events (10 events):
Event: 6.718 loading class 0x00007f1ad82f4e80
Event: 6.718 loading class 0x00007f1ad82f4e80 done
Event: 6.786 loading class 0x00007f1ad42417d0
Event: 6.786 loading class 0x00007f1ad42417d0 done
Event: 6.979 Executing VM operation: RevokeBias
Event: 6.979 Executing VM operation: RevokeBias done
Event: 6.980 Executing VM operation: RevokeBias
Event: 6.980 Executing VM operation: RevokeBias done
Event: 6.983 Executing VM operation: RevokeBias
Event: 6.983 Executing VM operation: RevokeBias done


Dynamic libraries:
00400000-00401000 r-xp 00000000 08:01 1183028                            /usr/lib/jvm/java-7-openjdk-amd64/jre/bin/java
00600000-00601000 r--p 00000000 08:01 1183028                            /usr/lib/jvm/java-7-openjdk-amd64/jre/bin/java
00601000-00602000 rw-p 00001000 08:01 1183028                            /usr/lib/jvm/java-7-openjdk-amd64/jre/bin/java
012cc000-012ed000 rw-p 00000000 00:00 0                                  [heap]
b7e00000-b9300000 rw-p 00000000 00:00 0 
b9300000-c2400000 rw-p 00000000 00:00 0 
c2400000-c7d00000 rw-p 00000000 00:00 0 
c7d00000-eb680000 rw-p 00000000 00:00 0 
eb680000-edb80000 rw-p 00000000 00:00 0 
edb80000-100000000 rw-p 00000000 00:00 0 
7f1a7b94f000-7f1a81949000 rw-p 00000000 00:00 0 
7f1a81949000-7f1a81965000 r--s 00000000 08:01 1967616                    /usr/share/fonts/type1/gsfonts/p052024l.pfb
7f1a81965000-7f1a81980000 r--s 00000000 08:01 1967607                    /usr/share/fonts/type1/gsfonts/p052003l.pfb
7f1a81980000-7f1a81993000 r--s 00000000 08:01 1967580                    /usr/share/fonts/type1/gsfonts/n019064l.pfb
7f1a81993000-7f1a819ad000 r--s 00000000 08:01 1967544                    /usr/share/fonts/type1/gsfonts/c059013l.pfb
7f1a819ad000-7f1a819c2000 r--s 00000000 08:01 1967538                    /usr/share/fonts/type1/gsfonts/b018032l.pfb
7f1a819c2000-7f1a819db000 r--s 00000000 08:01 1967532                    /usr/share/fonts/type1/gsfonts/b018012l.pfb
7f1a819db000-7f1a819ed000 r--s 00000000 08:01 1967571                    /usr/share/fonts/type1/gsfonts/n019043l.pfb
7f1a819ed000-7f1a819fd000 r--s 00000000 08:01 1967523                    /usr/share/fonts/type1/gsfonts/a010015l.pfb
7f1a819fd000-7f1a81a18000 r--s 00000000 08:01 1967613                    /usr/share/fonts/type1/gsfonts/p052023l.pfb
7f1a81a18000-7f1a81a24000 r--s 00000000 08:01 1967556                    /usr/share/fonts/type1/gsfonts/d050000l.pfb
7f1a81a24000-7f1a81a3b000 r--s 00000000 08:01 1967622                    /usr/share/fonts/type1/gsfonts/z003034l.pfb
7f1a81a3b000-7f1a81a4c000 r--s 00000000 08:01 1967577                    /usr/share/fonts/type1/gsfonts/n019063l.pfb
7f1a81a4c000-7f1a81a5c000 r--s 00000000 08:01 1967520                    /usr/share/fonts/type1/gsfonts/a010013l.pfb
7f1a81a5c000-7f1a81a77000 r--s 00000000 08:01 1967610                    /usr/share/fonts/type1/gsfonts/p052004l.pfb
7f1a81a77000-7f1a81a80000 r--s 00000000 08:01 1967619                    /usr/share/fonts/type1/gsfonts/s050000l.pfb
7f1a81a80000-7f1a81a93000 r--s 00000000 08:01 1967535                    /usr/share/fonts/type1/gsfonts/b018015l.pfb
7f1a81a93000-7f1a81aa5000 r--s 00000000 08:01 1967541                    /usr/share/fonts/type1/gsfonts/b018035l.pfb
7f1a81aa5000-7f1a81ac0000 r--s 00000000 08:01 1967547                    /usr/share/fonts/type1/gsfonts/c059016l.pfb
7f1a81ac0000-7f1a81ad8000 r--s 00000000 08:01 1967550                    /usr/share/fonts/type1/gsfonts/c059033l.pfb
7f1a81ad8000-7f1a81ae9000 r--s 00000000 08:01 1967529                    /usr/share/fonts/type1/gsfonts/a010035l.pfb
7f1a81ae9000-7f1a81b01000 r--s 00000000 08:01 1967553                    /usr/share/fonts/type1/gsfonts/c059036l.pfb
7f1a81b01000-7f1a81b11000 r--s 00000000 08:01 1967526                    /usr/share/fonts/type1/gsfonts/a010033l.pfb
7f1a81b23000-7f1a81b2d000 r--s 00000000 08:01 2096537                    /usr/share/fonts/X11/Type1/c0611bt_.pfb
7f1a81b2d000-7f1a81b36000 r--s 00000000 08:01 2096541                    /usr/share/fonts/X11/Type1/c0633bt_.pfb
7f1a81b36000-7f1a81b3f000 r--s 00000000 08:01 2096543                    /usr/share/fonts/X11/Type1/c0648bt_.pfb
7f1a81b3f000-7f1a81b49000 r--s 00000000 08:01 2096533                    /usr/share/fonts/X11/Type1/c0582bt_.pfb
7f1a81b49000-7f1a81b53000 r--s 00000000 08:01 2096535                    /usr/share/fonts/X11/Type1/c0583bt_.pfb
7f1a81b53000-7f1a81b5c000 r--s 00000000 08:01 2096545                    /usr/share/fonts/X11/Type1/c0649bt_.pfb
7f1a81b5c000-7f1a81b65000 r--s 00000000 08:01 2096539                    /usr/share/fonts/X11/Type1/c0632bt_.pfb
7f1a81b6f000-7f1a81b79000 r--s 00000000 08:01 2096531                    /usr/share/fonts/X11/Type1/c0419bt_.pfb
7f1a81b79000-7f1a81b7a000 r--s 00000000 08:01 261727                     /var/cache/fontconfig/c05880de57d1f5e948fdfacc138775d9-le64.cache-4
7f1a81b7a000-7f1a81b85000 r--s 00000000 08:01 261721                     /var/cache/fontconfig/945677eb7aeaf62f1d50efc3fb3ec7d8-le64.cache-4
7f1a81b85000-7f1a81b8b000 r--s 00000000 08:01 261707                     /var/cache/fontconfig/2cd17615ca594fa2959ae173292e504c-le64.cache-4
7f1a81b8b000-7f1a81b8c000 r--s 00000000 08:01 261737                     /var/cache/fontconfig/e7071f4a29fa870f4323321c154eba04-le64.cache-4
7f1a81b8c000-7f1a81b8d000 r--s 00000000 08:01 261704                     /var/cache/fontconfig/0d8c3b2ac0904cb8a57a757ad11a4a08-le64.cache-4
7f1a81b8d000-7f1a81b94000 r--s 00000000 08:01 261724                     /var/cache/fontconfig/a755afe4a08bf5b97852ceb7400b47bc-le64.cache-4
7f1a81b94000-7f1a81ba8000 r--s 00000000 08:01 261702                     /var/cache/fontconfig/04aabc0a78ac019cf9454389977116d2-le64.cache-4
7f1a81ba8000-7f1a81ba9000 r--s 00000000 08:01 261706                     /var/cache/fontconfig/1ac9eb803944fde146138c791f5cc56a-le64.cache-4
7f1a81ba9000-7f1a81bae000 r--s 00000000 08:01 261720                     /var/cache/fontconfig/8801497958630a81b71ace7c5f9b32a8-le64.cache-4
7f1a81bae000-7f1a81bb5000 r--s 00000000 08:01 261708                     /var/cache/fontconfig/3047814df9a2f067bd2d96a2b9c36e5a-le64.cache-4
7f1a81bb5000-7f1a81bc8000 r--s 00000000 08:01 261731                     /var/cache/fontconfig/d52a8644073d54c13679302ca1180695-le64.cache-4
7f1a81bc8000-7f1a81bd3000 r--s 00000000 08:01 270696                     /var/cache/fontconfig/d589a48862398ed80a3d6066f4f56f4c-le64.cache-4
7f1a81bd3000-7f1a81c24000 r-xp 00000000 08:01 1182992                    /usr/lib/jvm/java-7-openjdk-amd64/jre/lib/amd64/libfontmanager.so
7f1a81c24000-7f1a81e23000 ---p 00051000 08:01 1182992                    /usr/lib/jvm/java-7-openjdk-amd64/jre/lib/amd64/libfontmanager.so
7f1a81e23000-7f1a81e26000 r--p 00050000 08:01 1182992                    /usr/lib/jvm/java-7-openjdk-amd64/jre/lib/amd64/libfontmanager.so
7f1a81e26000-7f1a81e27000 rw-p 00053000 08:01 1182992                    /usr/lib/jvm/java-7-openjdk-amd64/jre/lib/amd64/libfontmanager.so
7f1a82dd0000-7f1a82dd1000 ---p 00000000 00:00 0 
7f1a82dd1000-7f1a82ed1000 rw-p 00000000 00:00 0 
7f1a82ed1000-7f1a86ed2000 rw-s 00000000 00:14 174682                     /run/shm/pulse-shm-2619212640
7f1a86ed2000-7f1a86ed3000 ---p 00000000 00:00 0 
7f1a86ed3000-7f1a876d3000 rw-p 00000000 00:00 0                          [stack:5863]
7f1a876d3000-7f1a876ff000 r-xp 00000000 08:01 1187789                    /usr/lib/x86_64-linux-gnu/libvorbis.so.0.4.5
7f1a876ff000-7f1a878fe000 ---p 0002c000 08:01 1187789                    /usr/lib/x86_64-linux-gnu/libvorbis.so.0.4.5
7f1a878fe000-7f1a878ff000 r--p 0002b000 08:01 1187789                    /usr/lib/x86_64-linux-gnu/libvorbis.so.0.4.5
7f1a878ff000-7f1a87900000 rw-p 0002c000 08:01 1187789                    /usr/lib/x86_64-linux-gnu/libvorbis.so.0.4.5
7f1a87900000-7f1a87bb3000 r-xp 00000000 08:01 1187791                    /usr/lib/x86_64-linux-gnu/libvorbisenc.so.2.0.8
7f1a87bb3000-7f1a87db2000 ---p 002b3000 08:01 1187791                    /usr/lib/x86_64-linux-gnu/libvorbisenc.so.2.0.8
7f1a87db2000-7f1a87dce000 r--p 002b2000 08:01 1187791                    /usr/lib/x86_64-linux-gnu/libvorbisenc.so.2.0.8
7f1a87dce000-7f1a87dcf000 rw-p 002ce000 08:01 1187791                    /usr/lib/x86_64-linux-gnu/libvorbisenc.so.2.0.8
7f1a87dcf000-7f1a87dfe000 r-xp 00000000 08:01 1186651                    /usr/lib/x86_64-linux-gnu/libFLAC.so.8.3.0
7f1a87dfe000-7f1a87ffe000 ---p 0002f000 08:01 1186651                    /usr/lib/x86_64-linux-gnu/libFLAC.so.8.3.0
7f1a87ffe000-7f1a87fff000 r--p 0002f000 08:01 1186651                    /usr/lib/x86_64-linux-gnu/libFLAC.so.8.3.0
7f1a87fff000-7f1a88000000 rw-p 00030000 08:01 1186651                    /usr/lib/x86_64-linux-gnu/libFLAC.so.8.3.0
7f1a88000000-7f1a881b4000 rw-p 00000000 00:00 0 
7f1a881b4000-7f1a8c000000 ---p 00000000 00:00 0 
7f1a8c017000-7f1a8c01e000 r-xp 00000000 08:01 1187511                    /usr/lib/x86_64-linux-gnu/libogg.so.0.8.1
7f1a8c01e000-7f1a8c21e000 ---p 00007000 08:01 1187511                    /usr/lib/x86_64-linux-gnu/libogg.so.0.8.1
7f1a8c21e000-7f1a8c21f000 r--p 00007000 08:01 1187511                    /usr/lib/x86_64-linux-gnu/libogg.so.0.8.1
7f1a8c21f000-7f1a8c220000 rw-p 00008000 08:01 1187511                    /usr/lib/x86_64-linux-gnu/libogg.so.0.8.1
7f1a8c220000-7f1a8c225000 r-xp 00000000 08:01 1186882                    /usr/lib/x86_64-linux-gnu/libasyncns.so.0.3.1
7f1a8c225000-7f1a8c424000 ---p 00005000 08:01 1186882                    /usr/lib/x86_64-linux-gnu/libasyncns.so.0.3.1
7f1a8c424000-7f1a8c425000 r--p 00004000 08:01 1186882                    /usr/lib/x86_64-linux-gnu/libasyncns.so.0.3.1
7f1a8c425000-7f1a8c426000 rw-p 00005000 08:01 1186882                    /usr/lib/x86_64-linux-gnu/libasyncns.so.0.3.1
7f1a8c426000-7f1a8c487000 r-xp 00000000 08:01 1187668                    /usr/lib/x86_64-linux-gnu/libsndfile.so.1.0.25
7f1a8c487000-7f1a8c687000 ---p 00061000 08:01 1187668                    /usr/lib/x86_64-linux-gnu/libsndfile.so.1.0.25
7f1a8c687000-7f1a8c689000 r--p 00061000 08:01 1187668                    /usr/lib/x86_64-linux-gnu/libsndfile.so.1.0.25
7f1a8c689000-7f1a8c68a000 rw-p 00063000 08:01 1187668                    /usr/lib/x86_64-linux-gnu/libsndfile.so.1.0.25
7f1a8c68a000-7f1a8c68e000 rw-p 00000000 00:00 0 
7f1a8c68e000-7f1a8c696000 r-xp 00000000 08:01 1966533                    /lib/x86_64-linux-gnu/libwrap.so.0.7.6
7f1a8c696000-7f1a8c895000 ---p 00008000 08:01 1966533                    /lib/x86_64-linux-gnu/libwrap.so.0.7.6
7f1a8c895000-7f1a8c896000 r--p 00007000 08:01 1966533                    /lib/x86_64-linux-gnu/libwrap.so.0.7.6
7f1a8c896000-7f1a8c897000 rw-p 00008000 08:01 1966533                    /lib/x86_64-linux-gnu/libwrap.so.0.7.6
7f1a8c897000-7f1a8c898000 rw-p 00000000 00:00 0 
7f1a8c898000-7f1a8c8fe000 r-xp 00000000 08:01 1442078                    /usr/lib/x86_64-linux-gnu/pulseaudio/libpulsecommon-4.0.so
7f1a8c8fe000-7f1a8cafd000 ---p 00066000 08:01 1442078                    /usr/lib/x86_64-linux-gnu/pulseaudio/libpulsecommon-4.0.so
7f1a8cafd000-7f1a8cafe000 r--p 00065000 08:01 1442078                    /usr/lib/x86_64-linux-gnu/pulseaudio/libpulsecommon-4.0.so
7f1a8cafe000-7f1a8caff000 rw-p 00066000 08:01 1442078                    /usr/lib/x86_64-linux-gnu/pulseaudio/libpulsecommon-4.0.so
7f1a8caff000-7f1a8cb09000 r-xp 00000000 08:01 1966413                    /lib/x86_64-linux-gnu/libjson-c.so.2.0.0
7f1a8cb09000-7f1a8cd08000 ---p 0000a000 08:01 1966413                    /lib/x86_64-linux-gnu/libjson-c.so.2.0.0
7f1a8cd08000-7f1a8cd09000 r--p 00009000 08:01 1966413                    /lib/x86_64-linux-gnu/libjson-c.so.2.0.0
7f1a8cd09000-7f1a8cd0a000 rw-p 0000a000 08:01 1966413                    /lib/x86_64-linux-gnu/libjson-c.so.2.0.0
7f1a8cd0a000-7f1a8cd51000 r-xp 00000000 08:01 1187580                    /usr/lib/x86_64-linux-gnu/libpulse.so.0.16.2
7f1a8cd51000-7f1a8cf51000 ---p 00047000 08:01 1187580                    /usr/lib/x86_64-linux-gnu/libpulse.so.0.16.2
7f1a8cf51000-7f1a8cf52000 r--p 00047000 08:01 1187580                    /usr/lib/x86_64-linux-gnu/libpulse.so.0.16.2
7f1a8cf52000-7f1a8cf53000 rw-p 00048000 08:01 1187580                    /usr/lib/x86_64-linux-gnu/libpulse.so.0.16.2
7f1a8d1ac000-7f1a8d1af000 ---p 00000000 00:00 0 
7f1a8d1af000-7f1a8d2ad000 rw-p 00000000 00:00 0                          [stack:5861]
7f1a8d2ad000-7f1a8dcad000 rwxp 00000000 00:00 0 
7f1a8dcad000-7f1a8dd2d000 rw-s 118629000 00:05 9061                      /dev/dri/card0
7f1a8dea1000-7f1a8dea5000 r--s 00000000 08:01 261710                     /var/cache/fontconfig/385c0604a188198f04d133e54aba7fe7-le64.cache-4
7f1a8dea5000-7f1a8deab000 r--s 00000000 08:01 261725                     /var/cache/fontconfig/b47c4e1ecd0709278f4910c18777a504-le64.cache-4
7f1a8deab000-7f1a8dec1000 r--s 00000000 08:01 1967604                    /usr/share/fonts/type1/gsfonts/n022024l.pfb
7f1a8dec1000-7f1a8ded9000 r--s 00000000 08:01 1967595                    /usr/share/fonts/type1/gsfonts/n022003l.pfb
7f1a8ded9000-7f1a8deea000 r--s 00000000 08:01 1967568                    /usr/share/fonts/type1/gsfonts/n019024l.pfb
7f1a8deea000-7f1a8df03000 r--s 00000000 08:01 1967586                    /usr/share/fonts/type1/gsfonts/n021004l.pfb
7f1a8df03000-7f1a8df1c000 r--s 00000000 08:01 1967598                    /usr/share/fonts/type1/gsfonts/n022004l.pfb
7f1a8df1c000-7f1a8df35000 r--s 00000000 08:01 1967583                    /usr/share/fonts/type1/gsfonts/n021003l.pfb
7f1a8df35000-7f1a8df4b000 r--s 00000000 08:01 1967592                    /usr/share/fonts/type1/gsfonts/n021024l.pfb
7f1a8df4b000-7f1a8df61000 r--s 00000000 08:01 1967601                    /usr/share/fonts/type1/gsfonts/n022023l.pfb
7f1a8df61000-7f1a8df78000 r--s 00000000 08:01 1967589                    /usr/share/fonts/type1/gsfonts/n021023l.pfb
7f1a8df78000-7f1a8dff8000 rw-s 117d9b000 00:05 9061                      /dev/dri/card0
7f1a8dff8000-7f1a8e02f000 r-xp 00000000 08:01 1187740                    /usr/lib/x86_64-linux-gnu/libtxc_dxtn_s2tc.so.0.0.0
7f1a8e02f000-7f1a8e22e000 ---p 00037000 08:01 1187740                    /usr/lib/x86_64-linux-gnu/libtxc_dxtn_s2tc.so.0.0.0
7f1a8e22e000-7f1a8e22f000 r--p 00036000 08:01 1187740                    /usr/lib/x86_64-linux-gnu/libtxc_dxtn_s2tc.so.0.0.0
7f1a8e22f000-7f1a8e230000 rw-p 00037000 08:01 1187740                    /usr/lib/x86_64-linux-gnu/libtxc_dxtn_s2tc.so.0.0.0
7f1a8e230000-7f1a8e255000 r-xp 00000000 08:01 1966519                    /lib/x86_64-linux-gnu/libtinfo.so.5.9
7f1a8e255000-7f1a8e454000 ---p 00025000 08:01 1966519                    /lib/x86_64-linux-gnu/libtinfo.so.5.9
7f1a8e454000-7f1a8e458000 r--p 00024000 08:01 1966519                    /lib/x86_64-linux-gnu/libtinfo.so.5.9
7f1a8e458000-7f1a8e459000 rw-p 00028000 08:01 1966519                    /lib/x86_64-linux-gnu/libtinfo.so.5.9
7f1a8e459000-7f1a8fc57000 r-xp 00000000 08:01 1186664                    /usr/lib/x86_64-linux-gnu/libLLVM-3.4.so.1
7f1a8fc57000-7f1a8fde5000 r--p 017fd000 08:01 1186664                    /usr/lib/x86_64-linux-gnu/libLLVM-3.4.so.1
7f1a8fde5000-7f1a8fde7000 rw-p 0198b000 08:01 1186664                    /usr/lib/x86_64-linux-gnu/libLLVM-3.4.so.1
7f1a8fde7000-7f1a8fdfa000 rw-p 00000000 00:00 0 
7f1a8fdfa000-7f1a8fdff000 r-xp 00000000 08:01 1187038                    /usr/lib/x86_64-linux-gnu/libdrm_nouveau.so.2.0.0
7f1a8fdff000-7f1a8fffe000 ---p 00005000 08:01 1187038                    /usr/lib/x86_64-linux-gnu/libdrm_nouveau.so.2.0.0
7f1a8fffe000-7f1a8ffff000 r--p 00004000 08:01 1187038                    /usr/lib/x86_64-linux-gnu/libdrm_nouveau.so.2.0.0
7f1a8ffff000-7f1a90000000 rw-p 00005000 08:01 1187038                    /usr/lib/x86_64-linux-gnu/libdrm_nouveau.so.2.0.0
7f1a90000000-7f1a90021000 rw-p 00000000 00:00 0 
7f1a90021000-7f1a94000000 ---p 00000000 00:00 0 
7f1a94000000-7f1a94021000 rw-p 00000000 00:00 0 
7f1a94021000-7f1a98000000 ---p 00000000 00:00 0 
7f1a98000000-7f1a98021000 rw-p 00000000 00:00 0 
7f1a98021000-7f1a9c000000 ---p 00000000 00:00 0 
7f1a9c000000-7f1a9c002000 r--s 00000000 08:01 261718                     /var/cache/fontconfig/767a8244fc0220cfb567a839d0392e0b-le64.cache-4
7f1a9c002000-7f1a9c014000 r--s 00000000 08:01 1967562                    /usr/share/fonts/type1/gsfonts/n019004l.pfb
7f1a9c014000-7f1a9c025000 r--s 00000000 08:01 1967565                    /usr/share/fonts/type1/gsfonts/n019023l.pfb
7f1a9c025000-7f1a9c039000 r--s 00000000 08:01 1967559                    /usr/share/fonts/type1/gsfonts/n019003l.pfb
7f1a9c039000-7f1a9c222000 r-xp 00000000 08:01 1187123                    /usr/lib/x86_64-linux-gnu/libgallium.so.0.0.0
7f1a9c222000-7f1a9c422000 ---p 001e9000 08:01 1187123                    /usr/lib/x86_64-linux-gnu/libgallium.so.0.0.0
7f1a9c422000-7f1a9c432000 r--p 001e9000 08:01 1187123                    /usr/lib/x86_64-linux-gnu/libgallium.so.0.0.0
7f1a9c432000-7f1a9c434000 rw-p 001f9000 08:01 1187123                    /usr/lib/x86_64-linux-gnu/libgallium.so.0.0.0
7f1a9c434000-7f1a9c5fc000 rw-p 00000000 00:00 0 
7f1a9c5fc000-7f1a9c9f5000 r-xp 00000000 08:01 1440848                    /usr/lib/x86_64-linux-gnu/dri/nouveau_dri.so
7f1a9c9f5000-7f1a9cbf5000 ---p 003f9000 08:01 1440848                    /usr/lib/x86_64-linux-gnu/dri/nouveau_dri.so
7f1a9cbf5000-7f1a9cc06000 r--p 003f9000 08:01 1440848                    /usr/lib/x86_64-linux-gnu/dri/nouveau_dri.so
7f1a9cc06000-7f1a9cc0e000 rw-p 0040a000 08:01 1440848                    /usr/lib/x86_64-linux-gnu/dri/nouveau_dri.so
7f1a9cc0e000-7f1a9cc2a000 rw-p 00000000 00:00 0 
7f1a9cc2a000-7f1a9cc32000 r-xp 00000000 08:01 1966435                    /lib/x86_64-linux-gnu/libnih-dbus.so.1.0.0
7f1a9cc32000-7f1a9ce32000 ---p 00008000 08:01 1966435                    /lib/x86_64-linux-gnu/libnih-dbus.so.1.0.0
7f1a9ce32000-7f1a9ce33000 r--p 00008000 08:01 1966435                    /lib/x86_64-linux-gnu/libnih-dbus.so.1.0.0
7f1a9ce33000-7f1a9ce34000 rw-p 00009000 08:01 1966435                    /lib/x86_64-linux-gnu/libnih-dbus.so.1.0.0
7f1a9ce34000-7f1a9ce4b000 r-xp 00000000 08:01 1966437                    /lib/x86_64-linux-gnu/libnih.so.1.0.0
7f1a9ce4b000-7f1a9d04a000 ---p 00017000 08:01 1966437                    /lib/x86_64-linux-gnu/libnih.so.1.0.0
7f1a9d04a000-7f1a9d04b000 r--p 00016000 08:01 1966437                    /lib/x86_64-linux-gnu/libnih.so.1.0.0
7f1a9d04b000-7f1a9d04c000 rw-p 00017000 08:01 1966437                    /lib/x86_64-linux-gnu/libnih.so.1.0.0
7f1a9d04c000-7f1a9d065000 r-xp 00000000 08:01 1966378                    /lib/x86_64-linux-gnu/libcgmanager.so.0.0.0
7f1a9d065000-7f1a9d264000 ---p 00019000 08:01 1966378                    /lib/x86_64-linux-gnu/libcgmanager.so.0.0.0
7f1a9d264000-7f1a9d266000 r--p 00018000 08:01 1966378                    /lib/x86_64-linux-gnu/libcgmanager.so.0.0.0
7f1a9d266000-7f1a9d267000 rw-p 0001a000 08:01 1966378                    /lib/x86_64-linux-gnu/libcgmanager.so.0.0.0
7f1a9d267000-7f1a9d277000 r-xp 00000000 08:01 1966310                    /lib/x86_64-linux-gnu/libudev.so.1.3.5
7f1a9d277000-7f1a9d476000 ---p 00010000 08:01 1966310                    /lib/x86_64-linux-gnu/libudev.so.1.3.5
7f1a9d476000-7f1a9d477000 r--p 0000f000 08:01 1966310                    /lib/x86_64-linux-gnu/libudev.so.1.3.5
7f1a9d477000-7f1a9d478000 rw-p 00010000 08:01 1966310                    /lib/x86_64-linux-gnu/libudev.so.1.3.5
7f1a9d478000-7f1a9d48f000 r-xp 00000000 08:01 1182985                    /usr/lib/jvm/java-7-openjdk-amd64/jre/lib/amd64/libnet.so
7f1a9d48f000-7f1a9d68e000 ---p 00017000 08:01 1182985                    /usr/lib/jvm/java-7-openjdk-amd64/jre/lib/amd64/libnet.so
7f1a9d68e000-7f1a9d68f000 r--p 00016000 08:01 1182985                    /usr/lib/jvm/java-7-openjdk-amd64/jre/lib/amd64/libnet.so
7f1a9d68f000-7f1a9d690000 rw-p 00017000 08:01 1182985                    /usr/lib/jvm/java-7-openjdk-amd64/jre/lib/amd64/libnet.so
7f1a9d690000-7f1a9d6a0000 r-xp 00000000 08:01 1182977                    /usr/lib/jvm/java-7-openjdk-amd64/jre/lib/amd64/libnio.so
7f1a9d6a0000-7f1a9d8a0000 ---p 00010000 08:01 1182977                    /usr/lib/jvm/java-7-openjdk-amd64/jre/lib/amd64/libnio.so
7f1a9d8a0000-7f1a9d8a1000 r--p 00010000 08:01 1182977                    /usr/lib/jvm/java-7-openjdk-amd64/jre/lib/amd64/libnio.so
7f1a9d8a1000-7f1a9d8a2000 rw-p 00011000 08:01 1182977                    /usr/lib/jvm/java-7-openjdk-amd64/jre/lib/amd64/libnio.so
7f1a9d8a2000-7f1a9d8ad000 r-xp 00000000 08:01 1187034                    /usr/lib/x86_64-linux-gnu/libdrm.so.2.4.0
7f1a9d8ad000-7f1a9daac000 ---p 0000b000 08:01 1187034                    /usr/lib/x86_64-linux-gnu/libdrm.so.2.4.0
7f1a9daac000-7f1a9daad000 r--p 0000a000 08:01 1187034                    /usr/lib/x86_64-linux-gnu/libdrm.so.2.4.0
7f1a9daad000-7f1a9daae000 rw-p 0000b000 08:01 1187034                    /usr/lib/x86_64-linux-gnu/libdrm.so.2.4.0
7f1a9daae000-7f1a9daaf000 r-xp 00000000 08:01 1187872                    /usr/lib/x86_64-linux-gnu/libxshmfence.so.1.0.0
7f1a9daaf000-7f1a9dcae000 ---p 00001000 08:01 1187872                    /usr/lib/x86_64-linux-gnu/libxshmfence.so.1.0.0
7f1a9dcae000-7f1a9dcaf000 r--p 00000000 08:01 1187872                    /usr/lib/x86_64-linux-gnu/libxshmfence.so.1.0.0
7f1a9dcaf000-7f1a9dcb0000 rw-p 00001000 08:01 1187872                    /usr/lib/x86_64-linux-gnu/libxshmfence.so.1.0.0
7f1a9dcb0000-7f1a9dcb5000 r-xp 00000000 08:01 1187854                    /usr/lib/x86_64-linux-gnu/libxcb-sync.so.1.0.0
7f1a9dcb5000-7f1a9deb4000 ---p 00005000 08:01 1187854                    /usr/lib/x86_64-linux-gnu/libxcb-sync.so.1.0.0
7f1a9deb4000-7f1a9deb5000 r--p 00004000 08:01 1187854                    /usr/lib/x86_64-linux-gnu/libxcb-sync.so.1.0.0
7f1a9deb5000-7f1a9deb6000 rw-p 00005000 08:01 1187854                    /usr/lib/x86_64-linux-gnu/libxcb-sync.so.1.0.0
7f1a9deb6000-7f1a9deb8000 r-xp 00000000 08:01 1187842                    /usr/lib/x86_64-linux-gnu/libxcb-present.so.0.0.0
7f1a9deb8000-7f1a9e0b7000 ---p 00002000 08:01 1187842                    /usr/lib/x86_64-linux-gnu/libxcb-present.so.0.0.0
7f1a9e0b7000-7f1a9e0b8000 r--p 00001000 08:01 1187842                    /usr/lib/x86_64-linux-gnu/libxcb-present.so.0.0.0
7f1a9e0b8000-7f1a9e0b9000 rw-p 00002000 08:01 1187842                    /usr/lib/x86_64-linux-gnu/libxcb-present.so.0.0.0
7f1a9e0b9000-7f1a9e0bb000 r-xp 00000000 08:01 1187832                    /usr/lib/x86_64-linux-gnu/libxcb-dri3.so.0.0.0
7f1a9e0bb000-7f1a9e2ba000 ---p 00002000 08:01 1187832                    /usr/lib/x86_64-linux-gnu/libxcb-dri3.so.0.0.0
7f1a9e2ba000-7f1a9e2bb000 r--p 00001000 08:01 1187832                    /usr/lib/x86_64-linux-gnu/libxcb-dri3.so.0.0.0
7f1a9e2bb000-7f1a9e2bc000 rw-p 00002000 08:01 1187832                    /usr/lib/x86_64-linux-gnu/libxcb-dri3.so.0.0.0
7f1a9e2bc000-7f1a9e2bf000 r-xp 00000000 08:01 1187830                    /usr/lib/x86_64-linux-gnu/libxcb-dri2.so.0.0.0
7f1a9e2bf000-7f1a9e4bf000 ---p 00003000 08:01 1187830                    /usr/lib/x86_64-linux-gnu/libxcb-dri2.so.0.0.0
7f1a9e4bf000-7f1a9e4c0000 r--p 00003000 08:01 1187830                    /usr/lib/x86_64-linux-gnu/libxcb-dri2.so.0.0.0
7f1a9e4c0000-7f1a9e4c1000 rw-p 00004000 08:01 1187830                    /usr/lib/x86_64-linux-gnu/libxcb-dri2.so.0.0.0
7f1a9e4c1000-7f1a9e4d6000 r-xp 00000000 08:01 1187834                    /usr/lib/x86_64-linux-gnu/libxcb-glx.so.0.0.0
7f1a9e4d6000-7f1a9e6d5000 ---p 00015000 08:01 1187834                    /usr/lib/x86_64-linux-gnu/libxcb-glx.so.0.0.0
7f1a9e6d5000-7f1a9e6d7000 r--p 00014000 08:01 1187834                    /usr/lib/x86_64-linux-gnu/libxcb-glx.so.0.0.0
7f1a9e6d7000-7f1a9e6d8000 rw-p 00016000 08:01 1187834                    /usr/lib/x86_64-linux-gnu/libxcb-glx.so.0.0.0
7f1a9e6d8000-7f1a9e6d9000 r-xp 00000000 08:01 1186786                    /usr/lib/x86_64-linux-gnu/libX11-xcb.so.1.0.0
7f1a9e6d9000-7f1a9e8d8000 ---p 00001000 08:01 1186786                    /usr/lib/x86_64-linux-gnu/libX11-xcb.so.1.0.0
7f1a9e8d8000-7f1a9e8d9000 r--p 00000000 08:01 1186786                    /usr/lib/x86_64-linux-gnu/libX11-xcb.so.1.0.0
7f1a9e8d9000-7f1a9e8da000 rw-p 00001000 08:01 1186786                    /usr/lib/x86_64-linux-gnu/libX11-xcb.so.1.0.0
7f1a9e8da000-7f1a9e8dc000 r-xp 00000000 08:01 1186801                    /usr/lib/x86_64-linux-gnu/libXdamage.so.1.1.0
7f1a9e8dc000-7f1a9eadb000 ---p 00002000 08:01 1186801                    /usr/lib/x86_64-linux-gnu/libXdamage.so.1.1.0
7f1a9eadb000-7f1a9eadc000 r--p 00001000 08:01 1186801                    /usr/lib/x86_64-linux-gnu/libXdamage.so.1.1.0
7f1a9eadc000-7f1a9eadd000 rw-p 00002000 08:01 1186801                    /usr/lib/x86_64-linux-gnu/libXdamage.so.1.1.0
7f1a9eadd000-7f1a9eaff000 r-xp 00000000 08:01 1187179                    /usr/lib/x86_64-linux-gnu/libglapi.so.0.0.0
7f1a9eaff000-7f1a9ecff000 ---p 00022000 08:01 1187179                    /usr/lib/x86_64-linux-gnu/libglapi.so.0.0.0
7f1a9ecff000-7f1a9ed02000 r--p 00022000 08:01 1187179                    /usr/lib/x86_64-linux-gnu/libglapi.so.0.0.0
7f1a9ed02000-7f1a9ed03000 rw-p 00025000 08:01 1187179                    /usr/lib/x86_64-linux-gnu/libglapi.so.0.0.0
7f1a9ed03000-7f1a9ed04000 rw-p 00000000 00:00 0 
7f1a9ed04000-7f1a9ed66000 r-xp 00000000 08:01 1441959                    /usr/lib/x86_64-linux-gnu/mesa/libGL.so.1.2.0
7f1a9ed66000-7f1a9ef65000 ---p 00062000 08:01 1441959                    /usr/lib/x86_64-linux-gnu/mesa/libGL.so.1.2.0
7f1a9ef65000-7f1a9ef68000 r--p 00061000 08:01 1441959                    /usr/lib/x86_64-linux-gnu/mesa/libGL.so.1.2.0
7f1a9ef68000-7f1a9ef69000 rw-p 00064000 08:01 1441959                    /usr/lib/x86_64-linux-gnu/mesa/libGL.so.1.2.0
7f1a9ef69000-7f1a9ef6a000 rw-p 00000000 00:00 0 
7f1a9ef6a000-7f1a9ef6e000 r-xp 00000000 08:01 1186843                    /usr/lib/x86_64-linux-gnu/libXxf86vm.so.1.0.0
7f1a9ef6e000-7f1a9f16e000 ---p 00004000 08:01 1186843                    /usr/lib/x86_64-linux-gnu/libXxf86vm.so.1.0.0
7f1a9f16e000-7f1a9f16f000 r--p 00004000 08:01 1186843                    /usr/lib/x86_64-linux-gnu/libXxf86vm.so.1.0.0
7f1a9f16f000-7f1a9f170000 rw-p 00005000 08:01 1186843                    /usr/lib/x86_64-linux-gnu/libXxf86vm.so.1.0.0
7f1a9f170000-7f1a9f179000 r-xp 00000000 08:01 1186825                    /usr/lib/x86_64-linux-gnu/libXrandr.so.2.2.0
7f1a9f179000-7f1a9f378000 ---p 00009000 08:01 1186825                    /usr/lib/x86_64-linux-gnu/libXrandr.so.2.2.0
7f1a9f378000-7f1a9f379000 r--p 00008000 08:01 1186825                    /usr/lib/x86_64-linux-gnu/libXrandr.so.2.2.0
7f1a9f379000-7f1a9f37a000 rw-p 00009000 08:01 1186825                    /usr/lib/x86_64-linux-gnu/libXrandr.so.2.2.0
7f1a9f37a000-7f1a9f3e4000 r-xp 00000000 08:11 382                        /media/ender/OGPC/Shady_Rhythms/Github/Shady_Rhythm/slick/liblwjgl64.so
7f1a9f3e4000-7f1a9f5e4000 ---p 0006a000 08:11 382                        /media/ender/OGPC/Shady_Rhythms/Github/Shady_Rhythm/slick/liblwjgl64.so
7f1a9f5e4000-7f1a9f5e6000 r--p 0006a000 08:11 382                        /media/ender/OGPC/Shady_Rhythms/Github/Shady_Rhythm/slick/liblwjgl64.so
7f1a9f5e6000-7f1a9f5e7000 rw-p 0006c000 08:11 382                        /media/ender/OGPC/Shady_Rhythms/Github/Shady_Rhythm/slick/liblwjgl64.so
7f1a9f5e7000-7f1a9f5e8000 r-xp 00000000 08:01 1182975                    /usr/lib/jvm/java-7-openjdk-amd64/jre/lib/amd64/libjawt.so
7f1a9f5e8000-7f1a9f7e7000 ---p 00001000 08:01 1182975                    /usr/lib/jvm/java-7-openjdk-amd64/jre/lib/amd64/libjawt.so
7f1a9f7e7000-7f1a9f7e8000 r--p 00000000 08:01 1182975                    /usr/lib/jvm/java-7-openjdk-amd64/jre/lib/amd64/libjawt.so
7f1a9f7e8000-7f1a9f7e9000 rw-p 00001000 08:01 1182975                    /usr/lib/jvm/java-7-openjdk-amd64/jre/lib/amd64/libjawt.so
7f1a9f7e9000-7f1a9f7ec000 ---p 00000000 00:00 0 
7f1a9f7ec000-7f1a9f8ea000 rw-p 00000000 00:00 0                          [stack:5852]
7f1a9f8ea000-7f1a9f8ef000 r-xp 00000000 08:01 1186807                    /usr/lib/x86_64-linux-gnu/libXfixes.so.3.1.0
7f1a9f8ef000-7f1a9faee000 ---p 00005000 08:01 1186807                    /usr/lib/x86_64-linux-gnu/libXfixes.so.3.1.0
7f1a9faee000-7f1a9faef000 r--p 00004000 08:01 1186807                    /usr/lib/x86_64-linux-gnu/libXfixes.so.3.1.0
7f1a9faef000-7f1a9faf0000 rw-p 00005000 08:01 1186807                    /usr/lib/x86_64-linux-gnu/libXfixes.so.3.1.0
7f1a9faf0000-7f1a9faf9000 r-xp 00000000 08:01 1186799                    /usr/lib/x86_64-linux-gnu/libXcursor.so.1.0.2
7f1a9faf9000-7f1a9fcf8000 ---p 00009000 08:01 1186799                    /usr/lib/x86_64-linux-gnu/libXcursor.so.1.0.2
7f1a9fcf8000-7f1a9fcf9000 r--p 00008000 08:01 1186799                    /usr/lib/x86_64-linux-gnu/libXcursor.so.1.0.2
7f1a9fcf9000-7f1a9fcfa000 rw-p 00009000 08:01 1186799                    /usr/lib/x86_64-linux-gnu/libXcursor.so.1.0.2
7f1a9fcfa000-7f1a9fcfd000 ---p 00000000 00:00 0 
7f1a9fcfd000-7f1a9fdfb000 rw-p 00000000 00:00 0                          [stack:5851]
7f1a9fdfb000-7f1a9fdff000 r-xp 00000000 08:01 1966406                    /lib/x86_64-linux-gnu/libgpg-error.so.0.10.0
7f1a9fdff000-7f1a9fffe000 ---p 00004000 08:01 1966406                    /lib/x86_64-linux-gnu/libgpg-error.so.0.10.0
7f1a9fffe000-7f1a9ffff000 r--p 00003000 08:01 1966406                    /lib/x86_64-linux-gnu/libgpg-error.so.0.10.0
7f1a9ffff000-7f1aa0000000 rw-p 00004000 08:01 1966406                    /lib/x86_64-linux-gnu/libgpg-error.so.0.10.0
7f1aa0000000-7f1aa0021000 rw-p 00000000 00:00 0 
7f1aa0021000-7f1aa4000000 ---p 00000000 00:00 0 
7f1aa4000000-7f1aa4009000 r--s 00000000 08:01 261711                     /var/cache/fontconfig/3f7329c5293ffd510edef78f73874cfd-le64.cache-4
7f1aa4009000-7f1aa400c000 r--s 00000000 08:01 262207                     /var/cache/fontconfig/e13b20fdb08344e0e664864cc2ede53d-le64.cache-4
7f1aa400c000-7f1aa400e000 r-xp 00000000 08:01 1966416                    /lib/x86_64-linux-gnu/libkeyutils.so.1.4
7f1aa400e000-7f1aa420e000 ---p 00002000 08:01 1966416                    /lib/x86_64-linux-gnu/libkeyutils.so.1.4
7f1aa420e000-7f1aa420f000 r--p 00002000 08:01 1966416                    /lib/x86_64-linux-gnu/libkeyutils.so.1.4
7f1aa420f000-7f1aa4210000 rw-p 00003000 08:01 1966416                    /lib/x86_64-linux-gnu/libkeyutils.so.1.4
7f1aa4210000-7f1aa424d000 r-xp 00000000 08:01 1966476                    /lib/x86_64-linux-gnu/libpcre.so.3.13.1
7f1aa424d000-7f1aa444c000 ---p 0003d000 08:01 1966476                    /lib/x86_64-linux-gnu/libpcre.so.3.13.1
7f1aa444c000-7f1aa444d000 r--p 0003c000 08:01 1966476                    /lib/x86_64-linux-gnu/libpcre.so.3.13.1
7f1aa444d000-7f1aa444e000 rw-p 0003d000 08:01 1966476                    /lib/x86_64-linux-gnu/libpcre.so.3.13.1
7f1aa444e000-7f1aa4473000 r-xp 00000000 08:01 1966488                    /lib/x86_64-linux-gnu/libpng12.so.0.50.0
7f1aa4473000-7f1aa4672000 ---p 00025000 08:01 1966488                    /lib/x86_64-linux-gnu/libpng12.so.0.50.0
7f1aa4672000-7f1aa4673000 r--p 00024000 08:01 1966488                    /lib/x86_64-linux-gnu/libpng12.so.0.50.0
7f1aa4673000-7f1aa4674000 rw-p 00025000 08:01 1966488                    /lib/x86_64-linux-gnu/libpng12.so.0.50.0
7f1aa4674000-7f1aa46b8000 r-xp 00000000 08:01 1966387                    /lib/x86_64-linux-gnu/libdbus-1.so.3.7.6
7f1aa46b8000-7f1aa48b7000 ---p 00044000 08:01 1966387                    /lib/x86_64-linux-gnu/libdbus-1.so.3.7.6
7f1aa48b7000-7f1aa48b8000 r--p 00043000 08:01 1966387                    /lib/x86_64-linux-gnu/libdbus-1.so.3.7.6
7f1aa48b8000-7f1aa48b9000 rw-p 00044000 08:01 1966387                    /lib/x86_64-linux-gnu/libdbus-1.so.3.7.6
7f1aa48b9000-7f1aa48f4000 r-xp 00000000 08:01 1187519                    /usr/lib/x86_64-linux-gnu/libp11-kit.so.0.0.0
7f1aa48f4000-7f1aa4af3000 ---p 0003b000 08:01 1187519                    /usr/lib/x86_64-linux-gnu/libp11-kit.so.0.0.0
7f1aa4af3000-7f1aa4af9000 r--p 0003a000 08:01 1187519                    /usr/lib/x86_64-linux-gnu/libp11-kit.so.0.0.0
7f1aa4af9000-7f1aa4afb000 rw-p 00040000 08:01 1187519                    /usr/lib/x86_64-linux-gnu/libp11-kit.so.0.0.0
7f1aa4afb000-7f1aa4b0d000 r-xp 00000000 08:01 1187704                    /usr/lib/x86_64-linux-gnu/libtasn1.so.6.2.0
7f1aa4b0d000-7f1aa4d0d000 ---p 00012000 08:01 1187704                    /usr/lib/x86_64-linux-gnu/libtasn1.so.6.2.0
7f1aa4d0d000-7f1aa4d0e000 r--p 00012000 08:01 1187704                    /usr/lib/x86_64-linux-gnu/libtasn1.so.6.2.0
7f1aa4d0e000-7f1aa4d0f000 rw-p 00013000 08:01 1187704                    /usr/lib/x86_64-linux-gnu/libtasn1.so.6.2.0
7f1aa4d0f000-7f1aa4d8b000 r-xp 00000000 08:01 1966351                    /lib/x86_64-linux-gnu/libgcrypt.so.11.8.2
7f1aa4d8b000-7f1aa4f8a000 ---p 0007c000 08:01 1966351                    /lib/x86_64-linux-gnu/libgcrypt.so.11.8.2
7f1aa4f8a000-7f1aa4f8b000 r--p 0007b000 08:01 1966351                    /lib/x86_64-linux-gnu/libgcrypt.so.11.8.2
7f1aa4f8b000-7f1aa4f8e000 rw-p 0007c000 08:01 1966351                    /lib/x86_64-linux-gnu/libgcrypt.so.11.8.2
7f1aa4f8e000-7f1aa4f98000 r-xp 00000000 08:01 1179396                    /usr/lib/x86_64-linux-gnu/libkrb5support.so.0.1
7f1aa4f98000-7f1aa5197000 ---p 0000a000 08:01 1179396                    /usr/lib/x86_64-linux-gnu/libkrb5support.so.0.1
7f1aa5197000-7f1aa5198000 r--p 00009000 08:01 1179396                    /usr/lib/x86_64-linux-gnu/libkrb5support.so.0.1
7f1aa5198000-7f1aa5199000 rw-p 0000a000 08:01 1179396                    /usr/lib/x86_64-linux-gnu/libkrb5support.so.0.1
7f1aa5199000-7f1aa519c000 r-xp 00000000 08:01 1966382                    /lib/x86_64-linux-gnu/libcom_err.so.2.1
7f1aa519c000-7f1aa539b000 ---p 00003000 08:01 1966382                    /lib/x86_64-linux-gnu/libcom_err.so.2.1
7f1aa539b000-7f1aa539c000 r--p 00002000 08:01 1966382                    /lib/x86_64-linux-gnu/libcom_err.so.2.1
7f1aa539c000-7f1aa539d000 rw-p 00003000 08:01 1966382                    /lib/x86_64-linux-gnu/libcom_err.so.2.1
7f1aa539d000-7f1aa53c9000 r-xp 00000000 08:01 1177387                    /usr/lib/x86_64-linux-gnu/libk5crypto.so.3.1
7f1aa53c9000-7f1aa55c8000 ---p 0002c000 08:01 1177387                    /usr/lib/x86_64-linux-gnu/libk5crypto.so.3.1
7f1aa55c8000-7f1aa55ca000 r--p 0002b000 08:01 1177387                    /usr/lib/x86_64-linux-gnu/libk5crypto.so.3.1
7f1aa55ca000-7f1aa55cb000 rw-p 0002d000 08:01 1177387                    /usr/lib/x86_64-linux-gnu/libk5crypto.so.3.1
7f1aa55cb000-7f1aa55cc000 rw-p 00000000 00:00 0 
7f1aa55cc000-7f1aa5688000 r-xp 00000000 08:01 1177394                    /usr/lib/x86_64-linux-gnu/libkrb5.so.3.3
7f1aa5688000-7f1aa5888000 ---p 000bc000 08:01 1177394                    /usr/lib/x86_64-linux-gnu/libkrb5.so.3.3
7f1aa5888000-7f1aa5895000 r--p 000bc000 08:01 1177394                    /usr/lib/x86_64-linux-gnu/libkrb5.so.3.3
7f1aa5895000-7f1aa5897000 rw-p 000c9000 08:01 1177394                    /usr/lib/x86_64-linux-gnu/libkrb5.so.3.3
7f1aa5897000-7f1aa589c000 r-xp 00000000 08:01 1186803                    /usr/lib/x86_64-linux-gnu/libXdmcp.so.6.0.0
7f1aa589c000-7f1aa5a9b000 ---p 00005000 08:01 1186803                    /usr/lib/x86_64-linux-gnu/libXdmcp.so.6.0.0
7f1aa5a9b000-7f1aa5a9c000 r--p 00004000 08:01 1186803                    /usr/lib/x86_64-linux-gnu/libXdmcp.so.6.0.0
7f1aa5a9c000-7f1aa5a9d000 rw-p 00005000 08:01 1186803                    /usr/lib/x86_64-linux-gnu/libXdmcp.so.6.0.0
7f1aa5a9d000-7f1aa5a9f000 r-xp 00000000 08:01 1186792                    /usr/lib/x86_64-linux-gnu/libXau.so.6.0.0
7f1aa5a9f000-7f1aa5c9f000 ---p 00002000 08:01 1186792                    /usr/lib/x86_64-linux-gnu/libXau.so.6.0.0
7f1aa5c9f000-7f1aa5ca0000 r--p 00002000 08:01 1186792                    /usr/lib/x86_64-linux-gnu/libXau.so.6.0.0
7f1aa5ca0000-7f1aa5ca1000 rw-p 00003000 08:01 1186792                    /usr/lib/x86_64-linux-gnu/libXau.so.6.0.0
7f1aa5ca1000-7f1aa5ca8000 r-xp 00000000 08:01 1187070                    /usr/lib/x86_64-linux-gnu/libffi.so.6.0.1
7f1aa5ca8000-7f1aa5ea7000 ---p 00007000 08:01 1187070                    /usr/lib/x86_64-linux-gnu/libffi.so.6.0.1
7f1aa5ea7000-7f1aa5ea8000 r--p 00006000 08:01 1187070                    /usr/lib/x86_64-linux-gnu/libffi.so.6.0.1
7f1aa5ea8000-7f1aa5ea9000 rw-p 00007000 08:01 1187070                    /usr/lib/x86_64-linux-gnu/libffi.so.6.0.1
7f1aa5ea9000-7f1aa5ec0000 r-xp 00000000 08:01 1973818                    /lib/x86_64-linux-gnu/libresolv-2.19.so
7f1aa5ec0000-7f1aa60c0000 ---p 00017000 08:01 1973818                    /lib/x86_64-linux-gnu/libresolv-2.19.so
7f1aa60c0000-7f1aa60c1000 r--p 00017000 08:01 1973818                    /lib/x86_64-linux-gnu/libresolv-2.19.so
7f1aa60c1000-7f1aa60c2000 rw-p 00018000 08:01 1973818                    /lib/x86_64-linux-gnu/libresolv-2.19.so
7f1aa60c2000-7f1aa60c4000 rw-p 00000000 00:00 0 
7f1aa60c4000-7f1aa60e4000 r-xp 00000000 08:01 1966503                    /lib/x86_64-linux-gnu/libselinux.so.1
7f1aa60e4000-7f1aa62e3000 ---p 00020000 08:01 1966503                    /lib/x86_64-linux-gnu/libselinux.so.1
7f1aa62e3000-7f1aa62e4000 r--p 0001f000 08:01 1966503                    /lib/x86_64-linux-gnu/libselinux.so.1
7f1aa62e4000-7f1aa62e5000 rw-p 00020000 08:01 1966503                    /lib/x86_64-linux-gnu/libselinux.so.1
7f1aa62e5000-7f1aa62e7000 rw-p 00000000 00:00 0 
7f1aa62e7000-7f1aa63ed000 r-xp 00000000 08:01 1966404                    /lib/x86_64-linux-gnu/libglib-2.0.so.0.4000.0
7f1aa63ed000-7f1aa65ec000 ---p 00106000 08:01 1966404                    /lib/x86_64-linux-gnu/libglib-2.0.so.0.4000.0
7f1aa65ec000-7f1aa65ed000 r--p 00105000 08:01 1966404                    /lib/x86_64-linux-gnu/libglib-2.0.so.0.4000.0
7f1aa65ed000-7f1aa65ee000 rw-p 00106000 08:01 1966404                    /lib/x86_64-linux-gnu/libglib-2.0.so.0.4000.0
7f1aa65ee000-7f1aa65ef000 rw-p 00000000 00:00 0 
7f1aa65ef000-7f1aa65f2000 r-xp 00000000 08:01 1187187                    /usr/lib/x86_64-linux-gnu/libgmodule-2.0.so.0.4000.0
7f1aa65f2000-7f1aa67f1000 ---p 00003000 08:01 1187187                    /usr/lib/x86_64-linux-gnu/libgmodule-2.0.so.0.4000.0
7f1aa67f1000-7f1aa67f2000 r--p 00002000 08:01 1187187                    /usr/lib/x86_64-linux-gnu/libgmodule-2.0.so.0.4000.0
7f1aa67f2000-7f1aa67f3000 rw-p 00003000 08:01 1187187                    /usr/lib/x86_64-linux-gnu/libgmodule-2.0.so.0.4000.0
7f1aa67f3000-7f1aa681a000 r-xp 00000000 08:01 1966395                    /lib/x86_64-linux-gnu/libexpat.so.1.6.0
7f1aa681a000-7f1aa6a1a000 ---p 00027000 08:01 1966395                    /lib/x86_64-linux-gnu/libexpat.so.1.6.0
7f1aa6a1a000-7f1aa6a1c000 r--p 00027000 08:01 1966395                    /lib/x86_64-linux-gnu/libexpat.so.1.6.0
7f1aa6a1c000-7f1aa6a1d000 rw-p 00029000 08:01 1966395                    /lib/x86_64-linux-gnu/libexpat.so.1.6.0
7f1aa6a1d000-7f1aa6aba000 r-xp 00000000 08:01 1187112                    /usr/lib/x86_64-linux-gnu/libfreetype.so.6.11.1
7f1aa6aba000-7f1aa6cb9000 ---p 0009d000 08:01 1187112                    /usr/lib/x86_64-linux-gnu/libfreetype.so.6.11.1
7f1aa6cb9000-7f1aa6cbf000 r--p 0009c000 08:01 1187112                    /usr/lib/x86_64-linux-gnu/libfreetype.so.6.11.1
7f1aa6cbf000-7f1aa6cc0000 rw-p 000a2000 08:01 1187112                    /usr/lib/x86_64-linux-gnu/libfreetype.so.6.11.1
7f1aa6cc0000-7f1aa6ccf000 r-xp 00000000 08:01 1186896                    /usr/lib/x86_64-linux-gnu/libavahi-client.so.3.2.9
7f1aa6ccf000-7f1aa6ecf000 ---p 0000f000 08:01 1186896                    /usr/lib/x86_64-linux-gnu/libavahi-client.so.3.2.9
7f1aa6ecf000-7f1aa6ed0000 r--p 0000f000 08:01 1186896                    /usr/lib/x86_64-linux-gnu/libavahi-client.so.3.2.9
7f1aa6ed0000-7f1aa6ed1000 rw-p 00010000 08:01 1186896                    /usr/lib/x86_64-linux-gnu/libavahi-client.so.3.2.9
7f1aa6ed1000-7f1aa6edc000 r-xp 00000000 08:01 1186898                    /usr/lib/x86_64-linux-gnu/libavahi-common.so.3.5.3
7f1aa6edc000-7f1aa70db000 ---p 0000b000 08:01 1186898                    /usr/lib/x86_64-linux-gnu/libavahi-common.so.3.5.3
7f1aa70db000-7f1aa70dc000 r--p 0000a000 08:01 1186898                    /usr/lib/x86_64-linux-gnu/libavahi-common.so.3.5.3
7f1aa70dc000-7f1aa70dd000 rw-p 0000b000 08:01 1186898                    /usr/lib/x86_64-linux-gnu/libavahi-common.so.3.5.3
7f1aa70dd000-7f1aa7193000 r-xp 00000000 08:01 1187199                    /usr/lib/x86_64-linux-gnu/libgnutls.so.26.22.6
7f1aa7193000-7f1aa7393000 ---p 000b6000 08:01 1187199                    /usr/lib/x86_64-linux-gnu/libgnutls.so.26.22.6
7f1aa7393000-7f1aa7399000 r--p 000b6000 08:01 1187199                    /usr/lib/x86_64-linux-gnu/libgnutls.so.26.22.6
7f1aa7399000-7f1aa739a000 rw-p 000bc000 08:01 1187199                    /usr/lib/x86_64-linux-gnu/libgnutls.so.26.22.6
7f1aa739a000-7f1aa739b000 rw-p 00000000 00:00 0 
7f1aa739b000-7f1aa73de000 r-xp 00000000 08:01 1177392                    /usr/lib/x86_64-linux-gnu/libgssapi_krb5.so.2.2
7f1aa73de000-7f1aa75de000 ---p 00043000 08:01 1177392                    /usr/lib/x86_64-linux-gnu/libgssapi_krb5.so.2.2
7f1aa75de000-7f1aa75df000 r--p 00043000 08:01 1177392                    /usr/lib/x86_64-linux-gnu/libgssapi_krb5.so.2.2
7f1aa75df000-7f1aa75e1000 rw-p 00044000 08:01 1177392                    /usr/lib/x86_64-linux-gnu/libgssapi_krb5.so.2.2
7f1aa75e1000-7f1aa75fe000 r-xp 00000000 08:01 1187862                    /usr/lib/x86_64-linux-gnu/libxcb.so.1.1.0
7f1aa75fe000-7f1aa77fe000 ---p 0001d000 08:01 1187862                    /usr/lib/x86_64-linux-gnu/libxcb.so.1.1.0
7f1aa77fe000-7f1aa77ff000 r--p 0001d000 08:01 1187862                    /usr/lib/x86_64-linux-gnu/libxcb.so.1.1.0
7f1aa77ff000-7f1aa7800000 rw-p 0001e000 08:01 1187862                    /usr/lib/x86_64-linux-gnu/libxcb.so.1.1.0
7f1aa7800000-7f1aa784f000 r-xp 00000000 08:01 1187203                    /usr/lib/x86_64-linux-gnu/libgobject-2.0.so.0.4000.0
7f1aa784f000-7f1aa7a4f000 ---p 0004f000 08:01 1187203                    /usr/lib/x86_64-linux-gnu/libgobject-2.0.so.0.4000.0
7f1aa7a4f000-7f1aa7a50000 r--p 0004f000 08:01 1187203                    /usr/lib/x86_64-linux-gnu/libgobject-2.0.so.0.4000.0
7f1aa7a50000-7f1aa7a51000 rw-p 00050000 08:01 1187203                    /usr/lib/x86_64-linux-gnu/libgobject-2.0.so.0.4000.0
7f1aa7a51000-7f1aa7bbc000 r-xp 00000000 08:01 1187173                    /usr/lib/x86_64-linux-gnu/libgio-2.0.so.0.4000.0
7f1aa7bbc000-7f1aa7dbc000 ---p 0016b000 08:01 1187173                    /usr/lib/x86_64-linux-gnu/libgio-2.0.so.0.4000.0
7f1aa7dbc000-7f1aa7dc0000 r--p 0016b000 08:01 1187173                    /usr/lib/x86_64-linux-gnu/libgio-2.0.so.0.4000.0
7f1aa7dc0000-7f1aa7dc2000 rw-p 0016f000 08:01 1187173                    /usr/lib/x86_64-linux-gnu/libgio-2.0.so.0.4000.0
7f1aa7dc2000-7f1aa7dc4000 rw-p 00000000 00:00 0 
7f1aa7dc4000-7f1aa7dfe000 r-xp 00000000 08:01 1187084                    /usr/lib/x86_64-linux-gnu/libfontconfig.so.1.8.0
7f1aa7dfe000-7f1aa7ffd000 ---p 0003a000 08:01 1187084                    /usr/lib/x86_64-linux-gnu/libfontconfig.so.1.8.0
7f1aa7ffd000-7f1aa7fff000 r--p 00039000 08:01 1187084                    /usr/lib/x86_64-linux-gnu/libfontconfig.so.1.8.0
7f1aa7fff000-7f1aa8000000 rw-p 0003b000 08:01 1187084                    /usr/lib/x86_64-linux-gnu/libfontconfig.so.1.8.0
7f1aa8000000-7f1aa8731000 rw-p 00000000 00:00 0 
7f1aa8731000-7f1aac000000 ---p 00000000 00:00 0 
7f1aac000000-7f1aac021000 rw-p 00000000 00:00 0 
7f1aac021000-7f1ab0000000 ---p 00000000 00:00 0 
7f1ab0000000-7f1ab0021000 rw-p 00000000 00:00 0 
7f1ab0021000-7f1ab4000000 ---p 00000000 00:00 0 
7f1ab4000000-7f1ab4752000 rw-p 00000000 00:00 0 
7f1ab4752000-7f1ab8000000 ---p 00000000 00:00 0 
7f1ab8000000-7f1ab8021000 rw-p 00000000 00:00 0 
7f1ab8021000-7f1abc000000 ---p 00000000 00:00 0 
7f1abc000000-7f1abc021000 rw-p 00000000 00:00 0 
7f1abc021000-7f1ac0000000 ---p 00000000 00:00 0 
7f1ac0000000-7f1ac0021000 rw-p 00000000 00:00 0 
7f1ac0021000-7f1ac4000000 ---p 00000000 00:00 0 
7f1ac4000000-7f1ac4021000 rw-p 00000000 00:00 0 
7f1ac4021000-7f1ac8000000 ---p 00000000 00:00 0 
7f1ac8000000-7f1ac8021000 rw-p 00000000 00:00 0 
7f1ac8021000-7f1acc000000 ---p 00000000 00:00 0 
7f1acc000000-7f1acc001000 r--s 00000000 08:01 261734                     /var/cache/fontconfig/dc05db6664285cc2f12bf69c139ae4c3-le64.cache-4
7f1acc01a000-7f1acc021000 r--s 00000000 08:01 1446520                    /usr/lib/x86_64-linux-gnu/gconv/gconv-modules.cache
7f1acc021000-7f1acc041000 rw-s 124fe9000 00:05 9061                      /dev/dri/card0
7f1acc041000-7f1acc072000 rw-p 00000000 00:00 0 
7f1acc072000-7f1acc075000 ---p 00000000 00:00 0 
7f1acc075000-7f1acc0ab000 rw-p 00000000 00:00 0                          [stack:5854]
7f1acc0ab000-7f1acc117000 r-xp 00000000 08:01 1178265                    /usr/lib/x86_64-linux-gnu/libcups.so.2
7f1acc117000-7f1acc317000 ---p 0006c000 08:01 1178265                    /usr/lib/x86_64-linux-gnu/libcups.so.2
7f1acc317000-7f1acc31e000 r--p 0006c000 08:01 1178265                    /usr/lib/x86_64-linux-gnu/libcups.so.2
7f1acc31e000-7f1acc31f000 rw-p 00073000 08:01 1178265                    /usr/lib/x86_64-linux-gnu/libcups.so.2
7f1acc31f000-7f1acc32e000 r-xp 00000000 08:01 1186813                    /usr/lib/x86_64-linux-gnu/libXi.so.6.1.0
7f1acc32e000-7f1acc52d000 ---p 0000f000 08:01 1186813                    /usr/lib/x86_64-linux-gnu/libXi.so.6.1.0
7f1acc52d000-7f1acc52e000 r--p 0000e000 08:01 1186813                    /usr/lib/x86_64-linux-gnu/libXi.so.6.1.0
7f1acc52e000-7f1acc52f000 rw-p 0000f000 08:01 1186813                    /usr/lib/x86_64-linux-gnu/libXi.so.6.1.0
7f1acc52f000-7f1acc534000 r-xp 00000000 08:01 1186833                    /usr/lib/x86_64-linux-gnu/libXtst.so.6.1.0
7f1acc534000-7f1acc733000 ---p 00005000 08:01 1186833                    /usr/lib/x86_64-linux-gnu/libXtst.so.6.1.0
7f1acc733000-7f1acc734000 r--p 00004000 08:01 1186833                    /usr/lib/x86_64-linux-gnu/libXtst.so.6.1.0
7f1acc734000-7f1acc735000 rw-p 00005000 08:01 1186833                    /usr/lib/x86_64-linux-gnu/libXtst.so.6.1.0
7f1acc735000-7f1acc73e000 r-xp 00000000 08:01 1186827                    /usr/lib/x86_64-linux-gnu/libXrender.so.1.3.0
7f1acc73e000-7f1acc93d000 ---p 00009000 08:01 1186827                    /usr/lib/x86_64-linux-gnu/libXrender.so.1.3.0
7f1acc93d000-7f1acc93e000 r--p 00008000 08:01 1186827                    /usr/lib/x86_64-linux-gnu/libXrender.so.1.3.0
7f1acc93e000-7f1acc93f000 rw-p 00009000 08:01 1186827                    /usr/lib/x86_64-linux-gnu/libXrender.so.1.3.0
7f1acc93f000-7f1acca6f000 r-xp 00000000 08:01 1186788                    /usr/lib/x86_64-linux-gnu/libX11.so.6.3.0
7f1acca6f000-7f1accc6f000 ---p 00130000 08:01 1186788                    /usr/lib/x86_64-linux-gnu/libX11.so.6.3.0
7f1accc6f000-7f1accc70000 r--p 00130000 08:01 1186788                    /usr/lib/x86_64-linux-gnu/libX11.so.6.3.0
7f1accc70000-7f1accc74000 rw-p 00131000 08:01 1186788                    /usr/lib/x86_64-linux-gnu/libX11.so.6.3.0
7f1accc74000-7f1accc85000 r-xp 00000000 08:01 1186805                    /usr/lib/x86_64-linux-gnu/libXext.so.6.4.0
7f1accc85000-7f1acce84000 ---p 00011000 08:01 1186805                    /usr/lib/x86_64-linux-gnu/libXext.so.6.4.0
7f1acce84000-7f1acce85000 r--p 00010000 08:01 1186805                    /usr/lib/x86_64-linux-gnu/libXext.so.6.4.0
7f1acce85000-7f1acce86000 rw-p 00011000 08:01 1186805                    /usr/lib/x86_64-linux-gnu/libXext.so.6.4.0
7f1acce86000-7f1acce87000 r--s 00000000 08:01 262758                     /var/cache/fontconfig/4794a0821666d79190d59a36cb4f44b5-le64.cache-4
7f1acce87000-7f1acce8b000 r--s 00000000 08:01 262849                     /var/cache/fontconfig/7ef2298fde41cc6eeb7af42e48b7d293-le64.cache-4
7f1acce8b000-7f1acce95000 r--s 00000000 08:01 2096551                    /usr/share/fonts/type1/mathml/Symbol.pfb
7f1acce95000-7f1acce9e000 r--s 000b9000 08:01 1182968                    /usr/lib/jvm/java-7-openjdk-amd64/jre/lib/resources.jar
7f1acce9e000-7f1accee6000 r-xp 00000000 08:01 1182785                    /usr/lib/jvm/java-7-openjdk-amd64/jre/lib/amd64/xawt/libmawt.so
7f1accee6000-7f1acd0e5000 ---p 00048000 08:01 1182785                    /usr/lib/jvm/java-7-openjdk-amd64/jre/lib/amd64/xawt/libmawt.so
7f1acd0e5000-7f1acd0e6000 r--p 00047000 08:01 1182785                    /usr/lib/jvm/java-7-openjdk-amd64/jre/lib/amd64/xawt/libmawt.so
7f1acd0e6000-7f1acd0e9000 rw-p 00048000 08:01 1182785                    /usr/lib/jvm/java-7-openjdk-amd64/jre/lib/amd64/xawt/libmawt.so
7f1acd0e9000-7f1acd0ea000 rw-p 00000000 00:00 0 
7f1acd0ea000-7f1acd18a000 r-xp 00000000 08:01 1182978                    /usr/lib/jvm/java-7-openjdk-amd64/jre/lib/amd64/libawt.so
7f1acd18a000-7f1acd38a000 ---p 000a0000 08:01 1182978                    /usr/lib/jvm/java-7-openjdk-amd64/jre/lib/amd64/libawt.so
7f1acd38a000-7f1acd38b000 r--p 000a0000 08:01 1182978                    /usr/lib/jvm/java-7-openjdk-amd64/jre/lib/amd64/libawt.so
7f1acd38b000-7f1acd396000 rw-p 000a1000 08:01 1182978                    /usr/lib/jvm/java-7-openjdk-amd64/jre/lib/amd64/libawt.so
7f1acd396000-7f1acd3bb000 rw-p 00000000 00:00 0 
7f1acd3bb000-7f1acd3bc000 ---p 00000000 00:00 0 
7f1acd3bc000-7f1acd4bc000 rw-p 00000000 00:00 0                          [stack:5850]
7f1acd4bc000-7f1acd4bf000 ---p 00000000 00:00 0 
7f1acd4bf000-7f1acd5bd000 rw-p 00000000 00:00 0                          [stack:5849]
7f1acd5bd000-7f1acd5c0000 ---p 00000000 00:00 0 
7f1acd5c0000-7f1acd6be000 rw-p 00000000 00:00 0                          [stack:5848]
7f1acd6be000-7f1acd6c1000 ---p 00000000 00:00 0 
7f1acd6c1000-7f1acd7bf000 rw-p 00000000 00:00 0                          [stack:5847]
7f1acd7bf000-7f1acd7c2000 ---p 00000000 00:00 0 
7f1acd7c2000-7f1acd8c0000 rw-p 00000000 00:00 0                          [stack:5846]
7f1acd8c0000-7f1acdfa2000 r--p 00000000 08:01 1185478                    /usr/lib/locale/locale-archive
7f1acdfa2000-7f1acdfa5000 ---p 00000000 00:00 0 
7f1acdfa5000-7f1ace0a3000 rw-p 00000000 00:00 0                          [stack:5845]
7f1ace0a3000-7f1ace0a6000 ---p 00000000 00:00 0 
7f1ace0a6000-7f1ace1a4000 rw-p 00000000 00:00 0                          [stack:5844]
7f1ace1a4000-7f1ace1a5000 ---p 00000000 00:00 0 
7f1ace1a5000-7f1ad1000000 rw-p 00000000 00:00 0                          [stack:5843]
7f1ad1000000-7f1ad1270000 rwxp 00000000 00:00 0 
7f1ad1270000-7f1ad483d000 rw-p 00000000 00:00 0 
7f1ad483d000-7f1ad8000000 ---p 00000000 00:00 0 
7f1ad8000000-7f1ad8001000 r--s 00000000 08:01 261714                     /var/cache/fontconfig/56cf4f4769d0f4abc89a4895d7bd3ae1-le64.cache-4
7f1ad8001000-7f1ad800c000 r--s 00099000 08:11 377                        /media/ender/OGPC/Shady_Rhythms/Github/Shady_Rhythm/slick/lib/slick.jar
7f1ad800c000-7f1ad8019000 r--s 000e6000 08:11 376                        /media/ender/OGPC/Shady_Rhythms/Github/Shady_Rhythm/slick/lib/lwjgl.jar
7f1ad8019000-7f1ad8083000 rw-p 00000000 00:00 0 
7f1ad8083000-7f1ad8234000 r--s 01d21000 08:01 1182936                    /usr/lib/jvm/java-7-openjdk-amd64/jre/lib/rt.jar
7f1ad8234000-7f1ad856e000 rw-p 00000000 00:00 0 
7f1ad856e000-7f1ad856f000 ---p 00000000 00:00 0 
7f1ad856f000-7f1ad866f000 rw-p 00000000 00:00 0                          [stack:5840]
7f1ad866f000-7f1ad8670000 ---p 00000000 00:00 0 
7f1ad8670000-7f1ad877b000 rw-p 00000000 00:00 0                          [stack:5839]
7f1ad877b000-7f1ad87c3000 rw-p 00000000 00:00 0 
7f1ad87c3000-7f1ad87f0000 rw-p 00000000 00:00 0 
7f1ad87f0000-7f1ad890d000 rw-p 00000000 00:00 0 
7f1ad890d000-7f1ad8918000 rw-p 00000000 00:00 0 
7f1ad8918000-7f1ad8960000 rw-p 00000000 00:00 0 
7f1ad8960000-7f1ad898d000 rw-p 00000000 00:00 0 
7f1ad898d000-7f1ad8aa9000 rw-p 00000000 00:00 0 
7f1ad8aa9000-7f1ad8abc000 rw-p 00000000 00:00 0 
7f1ad8abc000-7f1ad8b4e000 rw-p 00000000 00:00 0 
7f1ad8b4e000-7f1ad8b4f000 rw-p 00000000 00:00 0 
7f1ad8b4f000-7f1ad8b57000 r-xp 00000000 08:01 1182972                    /usr/lib/jvm/java-7-openjdk-amd64/jre/lib/amd64/libzip.so
7f1ad8b57000-7f1ad8d56000 ---p 00008000 08:01 1182972                    /usr/lib/jvm/java-7-openjdk-amd64/jre/lib/amd64/libzip.so
7f1ad8d56000-7f1ad8d57000 r--p 00007000 08:01 1182972                    /usr/lib/jvm/java-7-openjdk-amd64/jre/lib/amd64/libzip.so
7f1ad8d57000-7f1ad8d58000 rw-p 00008000 08:01 1182972                    /usr/lib/jvm/java-7-openjdk-amd64/jre/lib/amd64/libzip.so
7f1ad8d58000-7f1ad8d63000 r-xp 00000000 08:01 1973832                    /lib/x86_64-linux-gnu/libnss_files-2.19.so
7f1ad8d63000-7f1ad8f62000 ---p 0000b000 08:01 1973832                    /lib/x86_64-linux-gnu/libnss_files-2.19.so
7f1ad8f62000-7f1ad8f63000 r--p 0000a000 08:01 1973832                    /lib/x86_64-linux-gnu/libnss_files-2.19.so
7f1ad8f63000-7f1ad8f64000 rw-p 0000b000 08:01 1973832                    /lib/x86_64-linux-gnu/libnss_files-2.19.so
7f1ad8f64000-7f1ad8f6f000 r-xp 00000000 08:01 1973833                    /lib/x86_64-linux-gnu/libnss_nis-2.19.so
7f1ad8f6f000-7f1ad916e000 ---p 0000b000 08:01 1973833                    /lib/x86_64-linux-gnu/libnss_nis-2.19.so
7f1ad916e000-7f1ad916f000 r--p 0000a000 08:01 1973833                    /lib/x86_64-linux-gnu/libnss_nis-2.19.so
7f1ad916f000-7f1ad9170000 rw-p 0000b000 08:01 1973833                    /lib/x86_64-linux-gnu/libnss_nis-2.19.so
7f1ad9170000-7f1ad9187000 r-xp 00000000 08:01 1973819                    /lib/x86_64-linux-gnu/libnsl-2.19.so
7f1ad9187000-7f1ad9386000 ---p 00017000 08:01 1973819                    /lib/x86_64-linux-gnu/libnsl-2.19.so
7f1ad9386000-7f1ad9387000 r--p 00016000 08:01 1973819                    /lib/x86_64-linux-gnu/libnsl-2.19.so
7f1ad9387000-7f1ad9388000 rw-p 00017000 08:01 1973819                    /lib/x86_64-linux-gnu/libnsl-2.19.so
7f1ad9388000-7f1ad938a000 rw-p 00000000 00:00 0 
7f1ad938a000-7f1ad9393000 r-xp 00000000 08:01 1971845                    /lib/x86_64-linux-gnu/libnss_compat-2.19.so
7f1ad9393000-7f1ad9592000 ---p 00009000 08:01 1971845                    /lib/x86_64-linux-gnu/libnss_compat-2.19.so
7f1ad9592000-7f1ad9593000 r--p 00008000 08:01 1971845                    /lib/x86_64-linux-gnu/libnss_compat-2.19.so
7f1ad9593000-7f1ad9594000 rw-p 00009000 08:01 1971845                    /lib/x86_64-linux-gnu/libnss_compat-2.19.so
7f1ad9594000-7f1ad95bf000 r-xp 00000000 08:01 1182971                    /usr/lib/jvm/java-7-openjdk-amd64/jre/lib/amd64/libjava.so
7f1ad95bf000-7f1ad97bf000 ---p 0002b000 08:01 1182971                    /usr/lib/jvm/java-7-openjdk-amd64/jre/lib/amd64/libjava.so
7f1ad97bf000-7f1ad97c0000 r--p 0002b000 08:01 1182971                    /usr/lib/jvm/java-7-openjdk-amd64/jre/lib/amd64/libjava.so
7f1ad97c0000-7f1ad97c2000 rw-p 0002c000 08:01 1182971                    /usr/lib/jvm/java-7-openjdk-amd64/jre/lib/amd64/libjava.so
7f1ad97c2000-7f1ad97d2000 r-xp 00000000 08:01 1182998                    /usr/lib/jvm/java-7-openjdk-amd64/jre/lib/amd64/libverify.so
7f1ad97d2000-7f1ad99d1000 ---p 00010000 08:01 1182998                    /usr/lib/jvm/java-7-openjdk-amd64/jre/lib/amd64/libverify.so
7f1ad99d1000-7f1ad99d3000 r--p 0000f000 08:01 1182998                    /usr/lib/jvm/java-7-openjdk-amd64/jre/lib/amd64/libverify.so
7f1ad99d3000-7f1ad99d4000 rw-p 00011000 08:01 1182998                    /usr/lib/jvm/java-7-openjdk-amd64/jre/lib/amd64/libverify.so
7f1ad99d4000-7f1ad99db000 r-xp 00000000 08:01 1973821                    /lib/x86_64-linux-gnu/librt-2.19.so
7f1ad99db000-7f1ad9bda000 ---p 00007000 08:01 1973821                    /lib/x86_64-linux-gnu/librt-2.19.so
7f1ad9bda000-7f1ad9bdb000 r--p 00006000 08:01 1973821                    /lib/x86_64-linux-gnu/librt-2.19.so
7f1ad9bdb000-7f1ad9bdc000 rw-p 00007000 08:01 1973821                    /lib/x86_64-linux-gnu/librt-2.19.so
7f1ad9bdc000-7f1ad9bf2000 r-xp 00000000 08:01 1966350                    /lib/x86_64-linux-gnu/libgcc_s.so.1
7f1ad9bf2000-7f1ad9df1000 ---p 00016000 08:01 1966350                    /lib/x86_64-linux-gnu/libgcc_s.so.1
7f1ad9df1000-7f1ad9df2000 rw-p 00015000 08:01 1966350                    /lib/x86_64-linux-gnu/libgcc_s.so.1
7f1ad9df2000-7f1ad9ef7000 r-xp 00000000 08:01 1973828                    /lib/x86_64-linux-gnu/libm-2.19.so
7f1ad9ef7000-7f1ada0f6000 ---p 00105000 08:01 1973828                    /lib/x86_64-linux-gnu/libm-2.19.so
7f1ada0f6000-7f1ada0f7000 r--p 00104000 08:01 1973828                    /lib/x86_64-linux-gnu/libm-2.19.so
7f1ada0f7000-7f1ada0f8000 rw-p 00105000 08:01 1973828                    /lib/x86_64-linux-gnu/libm-2.19.so
7f1ada0f8000-7f1ada1de000 r-xp 00000000 08:01 1187698                    /usr/lib/x86_64-linux-gnu/libstdc++.so.6.0.19
7f1ada1de000-7f1ada3dd000 ---p 000e6000 08:01 1187698                    /usr/lib/x86_64-linux-gnu/libstdc++.so.6.0.19
7f1ada3dd000-7f1ada3e5000 r--p 000e5000 08:01 1187698                    /usr/lib/x86_64-linux-gnu/libstdc++.so.6.0.19
7f1ada3e5000-7f1ada3e7000 rw-p 000ed000 08:01 1187698                    /usr/lib/x86_64-linux-gnu/libstdc++.so.6.0.19
7f1ada3e7000-7f1ada3fc000 rw-p 00000000 00:00 0 
7f1ada3fc000-7f1adaf12000 r-xp 00000000 08:01 1182988                    /usr/lib/jvm/java-7-openjdk-amd64/jre/lib/amd64/server/libjvm.so
7f1adaf12000-7f1adb111000 ---p 00b16000 08:01 1182988                    /usr/lib/jvm/java-7-openjdk-amd64/jre/lib/amd64/server/libjvm.so
7f1adb111000-7f1adb1ab000 r--p 00b15000 08:01 1182988                    /usr/lib/jvm/java-7-openjdk-amd64/jre/lib/amd64/server/libjvm.so
7f1adb1ab000-7f1adb1ce000 rw-p 00baf000 08:01 1182988                    /usr/lib/jvm/java-7-openjdk-amd64/jre/lib/amd64/server/libjvm.so
7f1adb1ce000-7f1adb1fc000 rw-p 00000000 00:00 0 
7f1adb1fc000-7f1adb214000 r-xp 00000000 08:01 1966536                    /lib/x86_64-linux-gnu/libz.so.1.2.8
7f1adb214000-7f1adb413000 ---p 00018000 08:01 1966536                    /lib/x86_64-linux-gnu/libz.so.1.2.8
7f1adb413000-7f1adb414000 r--p 00017000 08:01 1966536                    /lib/x86_64-linux-gnu/libz.so.1.2.8
7f1adb414000-7f1adb415000 rw-p 00018000 08:01 1966536                    /lib/x86_64-linux-gnu/libz.so.1.2.8
7f1adb415000-7f1adb42e000 r-xp 00000000 08:01 1973838                    /lib/x86_64-linux-gnu/libpthread-2.19.so
7f1adb42e000-7f1adb62d000 ---p 00019000 08:01 1973838                    /lib/x86_64-linux-gnu/libpthread-2.19.so
7f1adb62d000-7f1adb62e000 r--p 00018000 08:01 1973838                    /lib/x86_64-linux-gnu/libpthread-2.19.so
7f1adb62e000-7f1adb62f000 rw-p 00019000 08:01 1973838                    /lib/x86_64-linux-gnu/libpthread-2.19.so
7f1adb62f000-7f1adb633000 rw-p 00000000 00:00 0 
7f1adb633000-7f1adb636000 r-xp 00000000 08:01 1973837                    /lib/x86_64-linux-gnu/libdl-2.19.so
7f1adb636000-7f1adb835000 ---p 00003000 08:01 1973837                    /lib/x86_64-linux-gnu/libdl-2.19.so
7f1adb835000-7f1adb836000 r--p 00002000 08:01 1973837                    /lib/x86_64-linux-gnu/libdl-2.19.so
7f1adb836000-7f1adb837000 rw-p 00003000 08:01 1973837                    /lib/x86_64-linux-gnu/libdl-2.19.so
7f1adb837000-7f1adb9f2000 r-xp 00000000 08:01 1973825                    /lib/x86_64-linux-gnu/libc-2.19.so
7f1adb9f2000-7f1adbbf2000 ---p 001bb000 08:01 1973825                    /lib/x86_64-linux-gnu/libc-2.19.so
7f1adbbf2000-7f1adbbf6000 r--p 001bb000 08:01 1973825                    /lib/x86_64-linux-gnu/libc-2.19.so
7f1adbbf6000-7f1adbbf8000 rw-p 001bf000 08:01 1973825                    /lib/x86_64-linux-gnu/libc-2.19.so
7f1adbbf8000-7f1adbbfd000 rw-p 00000000 00:00 0 
7f1adbbfd000-7f1adbc0a000 r-xp 00000000 08:01 1183003                    /usr/lib/jvm/java-7-openjdk-amd64/jre/lib/amd64/jli/libjli.so
7f1adbc0a000-7f1adbe09000 ---p 0000d000 08:01 1183003                    /usr/lib/jvm/java-7-openjdk-amd64/jre/lib/amd64/jli/libjli.so
7f1adbe09000-7f1adbe0a000 r--p 0000c000 08:01 1183003                    /usr/lib/jvm/java-7-openjdk-amd64/jre/lib/amd64/jli/libjli.so
7f1adbe0a000-7f1adbe0b000 rw-p 0000d000 08:01 1183003                    /usr/lib/jvm/java-7-openjdk-amd64/jre/lib/amd64/jli/libjli.so
7f1adbe0b000-7f1adbe2e000 r-xp 00000000 08:01 1973826                    /lib/x86_64-linux-gnu/ld-2.19.so
7f1adbe2e000-7f1adbe2f000 r--s 00000000 08:01 261726                     /var/cache/fontconfig/b9d506c9ac06c20b433354fa67a72993-le64.cache-4
7f1adbe2f000-7f1adbe30000 r--s 00000000 08:01 261703                     /var/cache/fontconfig/0c9eb80ebd1c36541ebe2852d3bb0c49-le64.cache-4
7f1adbe30000-7f1adbe31000 rwxp 00000000 00:00 0 
7f1adbe31000-7f1adbe33000 r--s 00012000 08:01 1182965                    /usr/lib/jvm/java-7-openjdk-amd64/jre/lib/ext/zipfs.jar
7f1adbe33000-7f1adbe36000 r--s 0000f000 08:01 1182963                    /usr/lib/jvm/java-7-openjdk-amd64/jre/lib/ext/pulse-java.jar
7f1adbe36000-7f1adbe57000 rw-p 00000000 00:00 0 
7f1adbe57000-7f1adbf0d000 rw-p 00000000 00:00 0 
7f1adbf0d000-7f1adbf10000 ---p 00000000 00:00 0 
7f1adbf10000-7f1adc013000 rw-p 00000000 00:00 0                          [stack:5838]
7f1adc013000-7f1adc014000 rw-s 117f9b000 00:05 9061                      /dev/dri/card0
7f1adc014000-7f1adc017000 r--s 0003c000 08:01 1182964                    /usr/lib/jvm/java-7-openjdk-amd64/jre/lib/ext/sunpkcs11.jar
7f1adc017000-7f1adc01a000 r--s 00032000 08:01 1182962                    /usr/lib/jvm/java-7-openjdk-amd64/jre/lib/ext/sunjce_provider.jar
7f1adc01a000-7f1adc01c000 r--s 00006000 08:01 1586957                    /usr/share/java/java-atk-wrapper.jar
7f1adc01c000-7f1adc020000 r--s 00085000 08:01 1182967                    /usr/lib/jvm/java-7-openjdk-amd64/jre/lib/ext/localedata.jar
7f1adc020000-7f1adc021000 r--s 00002000 08:01 1182966                    /usr/lib/jvm/java-7-openjdk-amd64/jre/lib/ext/dnsns.jar
7f1adc021000-7f1adc029000 rw-s 00000000 08:01 2617674                    /tmp/hsperfdata_ender/5835
7f1adc029000-7f1adc02a000 rw-p 00000000 00:00 0 
7f1adc02a000-7f1adc02b000 r--p 00000000 00:00 0 
7f1adc02b000-7f1adc02d000 rw-p 00000000 00:00 0 
7f1adc02d000-7f1adc02e000 r--p 00022000 08:01 1973826                    /lib/x86_64-linux-gnu/ld-2.19.so
7f1adc02e000-7f1adc02f000 rw-p 00023000 08:01 1973826                    /lib/x86_64-linux-gnu/ld-2.19.so
7f1adc02f000-7f1adc030000 rw-p 00000000 00:00 0 
7fffcb3b5000-7fffcb3d6000 rw-p 00000000 00:00 0                          [stack]
7fffcb3fe000-7fffcb400000 r-xp 00000000 00:00 0                          [vdso]
ffffffffff600000-ffffffffff601000 r-xp 00000000 00:00 0                  [vsyscall]

VM Arguments:
jvm_args: -Djava.library.path=/media/ender/OGPC/Shady_Rhythms/Github/Shady_Rhythm/slick -Dfile.encoding=UTF-8 
java_command: MainDDR
Launcher Type: SUN_STANDARD

Environment Variables:
PATH=/usr/local/sbin:/usr/local/bin:/usr/sbin:/usr/bin:/sbin:/bin:/usr/games:/usr/local/games
SHELL=/bin/bash
DISPLAY=:0

Signal Handlers:
SIGSEGV: [libjvm.so+0x949180], sa_mask[0]=0x7ffbfeff, sa_flags=0x10000004
SIGBUS: [libjvm.so+0x949180], sa_mask[0]=0x7ffbfeff, sa_flags=0x10000004
SIGFPE: [libjvm.so+0x7c2ec0], sa_mask[0]=0x7ffbfeff, sa_flags=0x10000004
SIGPIPE: [libjvm.so+0x7c2ec0], sa_mask[0]=0x7ffbfeff, sa_flags=0x10000004
SIGXFSZ: [libjvm.so+0x7c2ec0], sa_mask[0]=0x7ffbfeff, sa_flags=0x10000004
SIGILL: [libjvm.so+0x7c2ec0], sa_mask[0]=0x7ffbfeff, sa_flags=0x10000004
SIGUSR1: SIG_DFL, sa_mask[0]=0x00000000, sa_flags=0x00000000
SIGUSR2: [libjvm.so+0x7c2d60], sa_mask[0]=0x00000004, sa_flags=0x10000004
SIGHUP: [libjvm.so+0x7c2f40], sa_mask[0]=0x7ffbfeff, sa_flags=0x10000004
SIGINT: [libjvm.so+0x7c2f40], sa_mask[0]=0x7ffbfeff, sa_flags=0x10000004
SIGTERM: [libjvm.so+0x7c2f40], sa_mask[0]=0x7ffbfeff, sa_flags=0x10000004
SIGQUIT: [libjvm.so+0x7c2f40], sa_mask[0]=0x7ffbfeff, sa_flags=0x10000004
SIGTRAP: SIG_DFL, sa_mask[0]=0x00000000, sa_flags=0x00000000


---------------  S Y S T E M  ---------------

OS:Ubuntu 14.04 (trusty)
uname:Linux 3.13.0-35-generic #62-Ubuntu SMP Fri Aug 15 01:58:42 UTC 2014 x86_64
libc:glibc 2.19 NPTL 2.19 
rlimit: STACK 8192k, CORE 0k, NPROC 31444, NOFILE 4096, AS infinity
load average:0.61 0.39 0.30

/proc/meminfo:
MemTotal:        4046412 kB
MemFree:         1940268 kB
Buffers:          123880 kB
Cached:           969900 kB
SwapCached:            0 kB
Active:          1280196 kB
Inactive:         622772 kB
Active(anon):     810440 kB
Inactive(anon):     6388 kB
Active(file):     469756 kB
Inactive(file):   616384 kB
Unevictable:          32 kB
Mlocked:              32 kB
SwapTotal:       4190204 kB
SwapFree:        4190204 kB
Dirty:               148 kB
Writeback:             0 kB
AnonPages:        809376 kB
Mapped:           109224 kB
Shmem:              7496 kB
Slab:             115820 kB
SReclaimable:      91852 kB
SUnreclaim:        23968 kB
KernelStack:        2984 kB
PageTables:        24784 kB
NFS_Unstable:          0 kB
Bounce:                0 kB
WritebackTmp:          0 kB
CommitLimit:     6213408 kB
Committed_AS:    2873308 kB
VmallocTotal:   34359738367 kB
VmallocUsed:      136180 kB
VmallocChunk:   34359564292 kB
HardwareCorrupted:     0 kB
AnonHugePages:    526336 kB
HugePages_Total:       0
HugePages_Free:        0
HugePages_Rsvd:        0
HugePages_Surp:        0
Hugepagesize:       2048 kB
DirectMap4k:       65916 kB
DirectMap2M:     4126720 kB


CPU:total 2 (2 cores per cpu, 1 threads per core) family 6 model 23 stepping 10, cmov, cx8, fxsr, mmx, sse, sse2, sse3, ssse3, sse4.1, tsc

/proc/cpuinfo:
processor	: 0
vendor_id	: GenuineIntel
cpu family	: 6
model		: 23
model name	: Intel(R) Core(TM)2 Duo CPU     T6600  @ 2.20GHz
stepping	: 10
microcode	: 0xa07
cpu MHz		: 2200.000
cache size	: 2048 KB
physical id	: 0
siblings	: 2
core id		: 0
cpu cores	: 2
apicid		: 0
initial apicid	: 0
fpu		: yes
fpu_exception	: yes
cpuid level	: 13
wp		: yes
flags		: fpu vme de pse tsc msr pae mce cx8 apic sep mtrr pge mca cmov pat pse36 clflush dts acpi mmx fxsr sse sse2 ss ht tm pbe syscall nx lm constant_tsc arch_perfmon pebs bts rep_good nopl aperfmperf pni dtes64 monitor ds_cpl est tm2 ssse3 cx16 xtpr pdcm sse4_1 xsave lahf_lm dtherm
bogomips	: 4389.88
clflush size	: 64
cache_alignment	: 64
address sizes	: 36 bits physical, 48 bits virtual
power management:

processor	: 1
vendor_id	: GenuineIntel
cpu family	: 6
model		: 23
model name	: Intel(R) Core(TM)2 Duo CPU     T6600  @ 2.20GHz
stepping	: 10
microcode	: 0xa07
cpu MHz		: 2200.000
cache size	: 2048 KB
physical id	: 0
siblings	: 2
core id		: 1
cpu cores	: 2
apicid		: 1
initial apicid	: 1
fpu		: yes
fpu_exception	: yes
cpuid level	: 13
wp		: yes
flags		: fpu vme de pse tsc msr pae mce cx8 apic sep mtrr pge mca cmov pat pse36 clflush dts acpi mmx fxsr sse sse2 ss ht tm pbe syscall nx lm constant_tsc arch_perfmon pebs bts rep_good nopl aperfmperf pni dtes64 monitor ds_cpl est tm2 ssse3 cx16 xtpr pdcm sse4_1 xsave lahf_lm dtherm
bogomips	: 4389.88
clflush size	: 64
cache_alignment	: 64
address sizes	: 36 bits physical, 48 bits virtual
power management:



Memory: 4k page, physical 4046412k(1940268k free), swap 4190204k(4190204k free)

vm_info: OpenJDK 64-Bit Server VM (24.65-b04) for linux-amd64 JRE (1.7.0_65-b32), built on Sep 10 2014 05:56:05 by "buildd" with gcc 4.8.2

time: Tue Sep 23 11:18:47 2014
elapsed time: 6 seconds

